2024-02-14 20:48:35 74036 [Note] Plugin 'FEDERATED' is disabled.
2024-02-14 20:48:35 74036 [Note] InnoDB: The InnoDB memory heap is disabled
2024-02-14 20:48:35 74036 [Note] InnoDB: Mutexes and rw_locks use Windows interlocked functions
2024-02-14 20:48:35 74036 [Note] InnoDB: Compressed tables use zlib 1.2.3
2024-02-14 20:48:35 74036 [Note] InnoDB: Not using CPU crc32 instructions
2024-02-14 20:48:35 74036 [Note] InnoDB: Initializing buffer pool, size = 128.0M
2024-02-14 20:48:35 74036 [Note] InnoDB: Completed initialization of buffer pool
2024-02-14 20:48:35 74036 [Note] InnoDB: Setting log file C:\Projects\SQL\USBWebserver v8.6\mysql\data\ib_logfile101 size to 5 MB
2024-02-14 20:48:35 74036 [Note] InnoDB: Setting log file C:\Projects\SQL\USBWebserver v8.6\mysql\data\ib_logfile1 size to 5 MB
2024-02-14 20:48:35 74036 [Note] InnoDB: Renaming log file C:\Projects\SQL\USBWebserver v8.6\mysql\data\ib_logfile101 to C:\Projects\SQL\USBWebserver v8.6\mysql\data\ib_logfile0
2024-02-14 20:48:35 74036 [Warning] InnoDB: New log files created, LSN=1626134
2024-02-14 20:48:35 74036 [Note] InnoDB: Highest supported file format is Barracuda.
2024-02-14 20:48:35 74036 [Note] InnoDB: 128 rollback segment(s) are active.
2024-02-14 20:48:35 74036 [Note] InnoDB: Waiting for purge to start
2024-02-14 20:48:35 74036 [Note] InnoDB: 5.6.13 started; log sequence number 1626636
2024-02-14 20:48:36 74036 [Warning] No existing UUID has been found, so we assume that this is the first time that this server has been started. Generating a new UUID: 6c69cfa3-cb7a-11ee-ac5e-88d7f67353ec.
2024-02-14 20:48:36 74036 [Note] Server hostname (bind-address): '*'; port: 3307
2024-02-14 20:48:36 74036 [Note] IPv6 is available.
2024-02-14 20:48:36 74036 [Note]   - '::' resolves to '::';
2024-02-14 20:48:36 74036 [Note] Server socket created on IP: '::'.
2024-02-26 16:19:10 10692 [Note] Plugin 'FEDERATED' is disabled.
2024-02-26 16:19:10 10692 [Note] InnoDB: The InnoDB memory heap is disabled
2024-02-26 16:19:10 10692 [Note] InnoDB: Mutexes and rw_locks use Windows interlocked functions
2024-02-26 16:19:10 10692 [Note] InnoDB: Compressed tables use zlib 1.2.3
2024-02-26 16:19:10 10692 [Note] InnoDB: Not using CPU crc32 instructions
2024-02-26 16:19:10 10692 [Note] InnoDB: Initializing buffer pool, size = 128.0M
2024-02-26 16:19:10 10692 [Note] InnoDB: Completed initialization of buffer pool
2024-02-26 16:19:10 10692 [Note] InnoDB: Highest supported file format is Barracuda.
2024-02-26 16:19:10 10692 [Note] InnoDB: The log sequence numbers 1626134 and 1626134 in ibdata files do not match the log sequence number 2637710 in the ib_logfiles!
2024-02-26 16:19:10 10692 [Note] InnoDB: Database was not shutdown normally!
2024-02-26 16:19:10 10692 [Note] InnoDB: Starting crash recovery.
2024-02-26 16:19:10 10692 [Note] InnoDB: Reading tablespace information from the .ibd files...
2024-02-26 16:19:10 10692 [Note] InnoDB: Restoring possible half-written data pages 
2024-02-26 16:19:10 10692 [Note] InnoDB: from the doublewrite buffer...
2024-02-26 16:19:11 10692 [Note] InnoDB: 128 rollback segment(s) are active.
2024-02-26 16:19:11 10692 [Note] InnoDB: Waiting for purge to start
2024-02-26 16:19:11 10692 [Note] InnoDB: 5.6.13 started; log sequence number 2637710
2024-02-26 16:19:11 10692 [Note] Server hostname (bind-address): '*'; port: 3307
2024-02-26 16:19:11 10692 [Note] IPv6 is available.
2024-02-26 16:19:11 10692 [Note]   - '::' resolves to '::';
2024-02-26 16:19:11 10692 [Note] Server socket created on IP: '::'.
2024-02-26 16:29:52 4796 [Note] Plugin 'FEDERATED' is disabled.
2024-02-26 16:29:52 4796 [Note] InnoDB: The InnoDB memory heap is disabled
2024-02-26 16:29:52 4796 [Note] InnoDB: Mutexes and rw_locks use Windows interlocked functions
2024-02-26 16:29:52 4796 [Note] InnoDB: Compressed tables use zlib 1.2.3
2024-02-26 16:29:52 4796 [Note] InnoDB: Not using CPU crc32 instructions
2024-02-26 16:29:52 4796 [Note] InnoDB: Initializing buffer pool, size = 128.0M
2024-02-26 16:29:52 4796 [Note] InnoDB: Completed initialization of buffer pool
2024-02-26 16:29:52 4796 [ERROR] InnoDB: C:\Projects\SQL\USBWebserver v8.6\mysql\data\ibdata1 can't be opened in read-write mode
2024-02-26 16:29:52 4796 [ERROR] InnoDB: The system tablespace must be writable!
2024-02-26 16:29:52 4796 [ERROR] Plugin 'InnoDB' init function returned error.
2024-02-26 16:29:52 4796 [ERROR] Plugin 'InnoDB' registration as a STORAGE ENGINE failed.
2024-02-26 16:29:52 4796 [ERROR] Unknown/unsupported storage engine: InnoDB
2024-02-26 16:29:52 4796 [ERROR] Aborting

2024-02-26 16:29:52 4796 [Note] Binlog end
2024-02-26 16:29:52 4796 [Note] Shutting down plugin 'partition'
2024-02-26 16:29:52 4796 [Note] Shutting down plugin 'PERFORMANCE_SCHEMA'
2024-02-26 16:29:52 4796 [Note] Shutting down plugin 'INNODB_SYS_DATAFILES'
2024-02-26 16:29:52 4796 [Note] Shutting down plugin 'INNODB_SYS_TABLESPACES'
2024-02-26 16:29:52 4796 [Note] Shutting down plugin 'INNODB_SYS_FOREIGN_COLS'
2024-02-26 16:29:52 4796 [Note] Shutting down plugin 'INNODB_SYS_FOREIGN'
2024-02-26 16:29:52 4796 [Note] Shutting down plugin 'INNODB_SYS_FIELDS'
2024-02-26 16:29:52 4796 [Note] Shutting down plugin 'INNODB_SYS_COLUMNS'
2024-02-26 16:29:52 4796 [Note] Shutting down plugin 'INNODB_SYS_INDEXES'
2024-02-26 16:29:52 4796 [Note] Shutting down plugin 'INNODB_SYS_TABLESTATS'
2024-02-26 16:29:52 4796 [Note] Shutting down plugin 'INNODB_SYS_TABLES'
2024-02-26 16:29:52 4796 [Note] Shutting down plugin 'INNODB_FT_INDEX_TABLE'
2024-02-26 16:29:52 4796 [Note] Shutting down plugin 'INNODB_FT_INDEX_CACHE'
2024-02-26 16:29:52 4796 [Note] Shutting down plugin 'INNODB_FT_CONFIG'
2024-02-26 16:29:52 4796 [Note] Shutting down plugin 'INNODB_FT_BEING_DELETED'
2024-02-26 16:29:52 4796 [Note] Shutting down plugin 'INNODB_FT_DELETED'
2024-02-26 16:29:52 4796 [Note] Shutting down plugin 'INNODB_FT_DEFAULT_STOPWORD'
2024-02-26 16:29:52 4796 [Note] Shutting down plugin 'INNODB_METRICS'
2024-02-26 16:29:52 4796 [Note] Shutting down plugin 'INNODB_BUFFER_POOL_STATS'
2024-02-26 16:29:52 4796 [Note] Shutting down plugin 'INNODB_BUFFER_PAGE_LRU'
2024-02-26 16:29:52 4796 [Note] Shutting down plugin 'INNODB_BUFFER_PAGE'
2024-02-26 16:29:52 4796 [Note] Shutting down plugin 'INNODB_CMP_PER_INDEX_RESET'
2024-02-26 16:29:52 4796 [Note] Shutting down plugin 'INNODB_CMP_PER_INDEX'
2024-02-26 16:29:52 4796 [Note] Shutting down plugin 'INNODB_CMPMEM_RESET'
2024-02-26 16:29:52 4796 [Note] Shutting down plugin 'INNODB_CMPMEM'
2024-02-26 16:29:52 4796 [Note] Shutting down plugin 'INNODB_CMP_RESET'
2024-02-26 16:29:52 4796 [Note] Shutting down plugin 'INNODB_CMP'
2024-02-26 16:29:52 4796 [Note] Shutting down plugin 'INNODB_LOCK_WAITS'
2024-02-26 16:29:52 4796 [Note] Shutting down plugin 'INNODB_LOCKS'
2024-02-26 16:29:52 4796 [Note] Shutting down plugin 'INNODB_TRX'
2024-02-26 16:29:52 4796 [Note] Shutting down plugin 'BLACKHOLE'
2024-02-26 16:29:52 4796 [Note] Shutting down plugin 'ARCHIVE'
2024-02-26 16:29:52 4796 [Note] Shutting down plugin 'MRG_MYISAM'
2024-02-26 16:29:53 4796 [Note] Shutting down plugin 'MyISAM'
2024-02-26 16:29:53 4796 [Note] Shutting down plugin 'MEMORY'
2024-02-26 16:29:53 4796 [Note] Shutting down plugin 'CSV'
2024-02-26 16:29:53 4796 [Note] Shutting down plugin 'sha256_password'
2024-02-26 16:29:53 4796 [Note] Shutting down plugin 'mysql_old_password'
2024-02-26 16:29:53 4796 [Note] Shutting down plugin 'mysql_native_password'
2024-02-26 16:29:53 4796 [Note] Shutting down plugin 'binlog'
2024-02-26 16:29:53 4796 [Note] C:\Projects\SQL\USBWebserver v8.6/mysql/bin/mysqld_usbwv8.exe: Shutdown complete

2024-03-03 21:33:55 8932 [Note] Plugin 'FEDERATED' is disabled.
2024-03-03 21:33:55 8932 [Note] InnoDB: The InnoDB memory heap is disabled
2024-03-03 21:33:55 8932 [Note] InnoDB: Mutexes and rw_locks use Windows interlocked functions
2024-03-03 21:33:55 8932 [Note] InnoDB: Compressed tables use zlib 1.2.3
2024-03-03 21:33:55 8932 [Note] InnoDB: Not using CPU crc32 instructions
2024-03-03 21:33:55 8932 [Note] InnoDB: Initializing buffer pool, size = 128.0M
2024-03-03 21:33:55 8932 [Note] InnoDB: Completed initialization of buffer pool
2024-03-03 21:33:56 8932 [Note] InnoDB: Highest supported file format is Barracuda.
2024-03-03 21:33:56 8932 [Note] InnoDB: The log sequence numbers 1626134 and 1626134 in ibdata files do not match the log sequence number 2637720 in the ib_logfiles!
2024-03-03 21:33:56 8932 [Note] InnoDB: Database was not shutdown normally!
2024-03-03 21:33:56 8932 [Note] InnoDB: Starting crash recovery.
2024-03-03 21:33:56 8932 [Note] InnoDB: Reading tablespace information from the .ibd files...
2024-03-03 21:33:56 8932 [Note] InnoDB: Restoring possible half-written data pages 
2024-03-03 21:33:56 8932 [Note] InnoDB: from the doublewrite buffer...
2024-03-03 21:33:57 8932 [Note] InnoDB: 128 rollback segment(s) are active.
2024-03-03 21:33:57 8932 [Note] InnoDB: Waiting for purge to start
2024-03-03 21:33:57 8932 [Note] InnoDB: 5.6.13 started; log sequence number 2637720
2024-03-03 21:33:57 8932 [Note] Server hostname (bind-address): '*'; port: 3307
2024-03-03 21:33:57 8932 [Note] IPv6 is available.
2024-03-03 21:33:57 8932 [Note]   - '::' resolves to '::';
2024-03-03 21:33:57 8932 [Note] Server socket created on IP: '::'.
2024-04-03 18:07:02 27532 [Note] Plugin 'FEDERATED' is disabled.
2024-04-03 18:07:02 27532 [Note] InnoDB: The InnoDB memory heap is disabled
2024-04-03 18:07:02 27532 [Note] InnoDB: Mutexes and rw_locks use Windows interlocked functions
2024-04-03 18:07:02 27532 [Note] InnoDB: Compressed tables use zlib 1.2.3
2024-04-03 18:07:02 27532 [Note] InnoDB: Not using CPU crc32 instructions
2024-04-03 18:07:02 27532 [Note] InnoDB: Initializing buffer pool, size = 128.0M
2024-04-03 18:07:02 27532 [Note] InnoDB: Completed initialization of buffer pool
2024-04-03 18:07:02 27532 [Note] InnoDB: Highest supported file format is Barracuda.
2024-04-03 18:07:02 27532 [Note] InnoDB: The log sequence numbers 1626134 and 1626134 in ibdata files do not match the log sequence number 2637740 in the ib_logfiles!
2024-04-03 18:07:02 27532 [Note] InnoDB: Database was not shutdown normally!
2024-04-03 18:07:02 27532 [Note] InnoDB: Starting crash recovery.
2024-04-03 18:07:02 27532 [Note] InnoDB: Reading tablespace information from the .ibd files...
2024-04-03 18:07:03 27532 [Note] InnoDB: Restoring possible half-written data pages 
2024-04-03 18:07:03 27532 [Note] InnoDB: from the doublewrite buffer...
2024-04-03 18:07:04 27532 [Note] InnoDB: 128 rollback segment(s) are active.
2024-04-03 18:07:04 27532 [Note] InnoDB: Waiting for purge to start
2024-04-03 18:07:04 27532 [Note] InnoDB: 5.6.13 started; log sequence number 2637740
2024-04-03 18:07:04 27532 [Note] Server hostname (bind-address): '*'; port: 3307
2024-04-03 18:07:04 27532 [Note] IPv6 is available.
2024-04-03 18:07:04 27532 [Note]   - '::' resolves to '::';
2024-04-03 18:07:04 27532 [Note] Server socket created on IP: '::'.
2024-04-18 10:06:54 17004 [Note] Plugin 'FEDERATED' is disabled.
2024-04-18 10:06:54 17004 [Note] InnoDB: The InnoDB memory heap is disabled
2024-04-18 10:06:54 17004 [Note] InnoDB: Mutexes and rw_locks use Windows interlocked functions
2024-04-18 10:06:54 17004 [Note] InnoDB: Compressed tables use zlib 1.2.3
2024-04-18 10:06:54 17004 [Note] InnoDB: Not using CPU crc32 instructions
2024-04-18 10:06:54 17004 [Note] InnoDB: Initializing buffer pool, size = 128.0M
2024-04-18 10:06:54 17004 [Note] InnoDB: Completed initialization of buffer pool
2024-04-18 10:06:54 17004 [Note] InnoDB: Highest supported file format is Barracuda.
2024-04-18 10:06:54 17004 [Note] InnoDB: The log sequence numbers 1626134 and 1626134 in ibdata files do not match the log sequence number 2637750 in the ib_logfiles!
2024-04-18 10:06:54 17004 [Note] InnoDB: Database was not shutdown normally!
2024-04-18 10:06:54 17004 [Note] InnoDB: Starting crash recovery.
2024-04-18 10:06:54 17004 [Note] InnoDB: Reading tablespace information from the .ibd files...
2024-04-18 10:06:55 17004 [Note] InnoDB: Restoring possible half-written data pages 
2024-04-18 10:06:55 17004 [Note] InnoDB: from the doublewrite buffer...
2024-04-18 10:06:55 17004 [Note] InnoDB: 128 rollback segment(s) are active.
2024-04-18 10:06:55 17004 [Note] InnoDB: Waiting for purge to start
2024-04-18 10:06:55 17004 [Note] InnoDB: 5.6.13 started; log sequence number 2637750
2024-04-18 10:06:55 17004 [Note] Server hostname (bind-address): '*'; port: 3307
2024-04-18 10:06:55 17004 [Note] IPv6 is available.
2024-04-18 10:06:55 17004 [Note]   - '::' resolves to '::';
2024-04-18 10:06:55 17004 [Note] Server socket created on IP: '::'.
