::1 - - [18/Apr/2024:10:07:02 +0100] "GET /phpmyadmin/ HTTP/1.1" 200 7945
::1 - - [18/Apr/2024:10:07:05 +0100] "GET /phpmyadmin/js/get_scripts.js.php?scripts[]=jquery/jquery-1.8.3.js&scripts[]=ajax.js&scripts[]=keyhandler.js&scripts[]=jquery/jquery-ui-1.9.2.custom.js&scripts[]=jquery/jquery.sprintf.js&scripts[]=jquery/jquery.cookie.js&scripts[]=jquery/jquery.mousewheel.js&scripts[]=jquery/jquery.event.drag-2.2.js&scripts[]=jquery/jquery-ui-timepicker-addon.js&scripts[]=jquery/jquery.ba-hashchange-1.3.js&scripts[]=jquery/jquery.debounce-1.0.5.js&scripts[]=jquery/jquery.menuResizer-1.0.js&scripts[]=rte.js&scripts[]=functions.js&scripts[]=navigation.js&scripts[]=indexes.js&scripts[]=common.js&scripts[]=codemirror/lib/codemirror.js&scripts[]=codemirror/mode/mysql/mysql.js HTTP/1.1" 200 578562
::1 - - [18/Apr/2024:10:07:05 +0100] "GET /phpmyadmin/phpmyadmin.css.php?server=1&token=5fc58add011c534c2a1ff44e4918aebd&nocache=4125195912ltr HTTP/1.1" 200 88608
::1 - - [18/Apr/2024:10:07:05 +0100] "GET /phpmyadmin/js/get_image.js.php?theme=pmahomme HTTP/1.1" 200 6263
::1 - - [18/Apr/2024:10:07:05 +0100] "GET /phpmyadmin/js/messages.php?lang=en&db=&server=0&token=23e831ecd76d56c73d12e61044c2d246 HTTP/1.1" 200 16674
::1 - - [18/Apr/2024:10:07:09 +0100] "POST /phpmyadmin/index.php HTTP/1.1" 302 -
::1 - - [18/Apr/2024:10:07:10 +0100] "GET /phpmyadmin/index.php?token=5fc58add011c534c2a1ff44e4918aebd HTTP/1.1" 200 43131
::1 - - [18/Apr/2024:10:07:10 +0100] "GET /phpmyadmin/js/messages.php?lang=en&db=&server=0&token=5fc58add011c534c2a1ff44e4918aebd HTTP/1.1" 200 16674
::1 - - [18/Apr/2024:10:07:10 +0100] "GET /phpmyadmin/phpmyadmin.css.php?server=1&token=5fc58add011c534c2a1ff44e4918aebd&nocache=5838627142ltr HTTP/1.1" 200 88608
::1 - - [18/Apr/2024:10:07:11 +0100] "GET /phpmyadmin/version_check.php?&_nocache=1713431231524974104 HTTP/1.1" 200 39
::1 - - [18/Apr/2024:10:07:15 +0100] "GET /phpmyadmin/navigation.php?ajax_request=1&token=5fc58add011c534c2a1ff44e4918aebd&aPath=cm9vdA%3D%3D.c3FsY291cnNl&vPath=cm9vdA%3D%3D.c3FsY291cnNl&pos=0&pos2_name=&pos2_value=&searchClause=&searchClause2=&_nocache=1713431235591967206 HTTP/1.1" 200 10854
::1 - - [18/Apr/2024:10:07:42 +0100] "GET /phpmyadmin/server_sql.php?db=&token=5fc58add011c534c2a1ff44e4918aebd&ajax_request=true&ajax_page_request=true&menuHashes=02b49a51&_nocache=1713431262558542008 HTTP/1.1" 200 6548
::1 - - [18/Apr/2024:10:07:44 +0100] "GET /phpmyadmin/js/get_scripts.js.php?scripts[]=makegrid.js&scripts[]=sql.js HTTP/1.1" 200 35099
::1 - - [18/Apr/2024:10:07:49 +0100] "POST /phpmyadmin/import.php HTTP/1.1" 200 193
::1 - - [18/Apr/2024:10:08:11 +0100] "POST /phpmyadmin/import.php HTTP/1.1" 200 193
::1 - - [18/Apr/2024:10:08:23 +0100] "GET /phpmyadmin/server_privileges.php?db=&token=5fc58add011c534c2a1ff44e4918aebd&ajax_request=true&ajax_page_request=true&menuHashes=02b49a51-089040b4&_nocache=1713431303733144041 HTTP/1.1" 200 12900
::1 - - [18/Apr/2024:10:08:24 +0100] "GET /phpmyadmin/js/get_scripts.js.php?scripts[]=server_privileges.js HTTP/1.1" 200 9268
::1 - - [18/Apr/2024:10:10:09 +0100] "GET /phpmyadmin/server_sql.php?db=&token=5fc58add011c534c2a1ff44e4918aebd&ajax_request=true&ajax_page_request=true&menuHashes=02b49a51-089040b4-8988c357&_nocache=1713431409166630687 HTTP/1.1" 200 3798
::1 - - [18/Apr/2024:10:10:10 +0100] "GET /phpmyadmin/server_databases.php?db=&token=5fc58add011c534c2a1ff44e4918aebd&ajax_request=true&ajax_page_request=true&menuHashes=02b49a51-089040b4-8988c357&_nocache=1713431410795448176 HTTP/1.1" 200 33854
::1 - - [18/Apr/2024:10:10:11 +0100] "GET /phpmyadmin/js/get_scripts.js.php?scripts[]=server_databases.js HTTP/1.1" 200 1818
::1 - - [18/Apr/2024:10:10:17 +0100] "GET /phpmyadmin/server_sql.php?db=&token=5fc58add011c534c2a1ff44e4918aebd&ajax_request=true&ajax_page_request=true&menuHashes=02b49a51-089040b4-8988c357-b8576f25&_nocache=1713431417562525092 HTTP/1.1" 200 3798
::1 - - [18/Apr/2024:10:10:20 +0100] "POST /phpmyadmin/import.php HTTP/1.1" 200 193
::1 - - [18/Apr/2024:10:10:23 +0100] "GET /phpmyadmin/server_databases.php?db=&token=5fc58add011c534c2a1ff44e4918aebd&ajax_request=true&ajax_page_request=true&menuHashes=02b49a51-089040b4-8988c357-b8576f25&_nocache=1713431423667834722 HTTP/1.1" 200 31104
::1 - - [18/Apr/2024:10:52:27 +0100] "GET /phpmyadmin/server_sql.php?db=&token=5fc58add011c534c2a1ff44e4918aebd&ajax_request=true&ajax_page_request=true&menuHashes=02b49a51-089040b4-8988c357-b8576f25&_nocache=1713433947142112415 HTTP/1.1" 200 292
::1 - - [18/Apr/2024:10:52:44 +0100] "GET /phpmyadmin/index.php?token=5fc58add011c534c2a1ff44e4918aebd HTTP/1.1" 200 8091
::1 - - [18/Apr/2024:10:52:45 +0100] "GET /phpmyadmin/server_databases.php?db=&table=&server=1&target=&token=5fc58add011c534c2a1ff44e4918aebd HTTP/1.1" 200 8067
::1 - - [18/Apr/2024:10:52:45 +0100] "GET /phpmyadmin/js/messages.php?lang=en&db=&token=5fc58add011c534c2a1ff44e4918aebd HTTP/1.1" 200 16674
::1 - - [18/Apr/2024:10:52:46 +0100] "POST /phpmyadmin/index.php HTTP/1.1" 302 -
::1 - - [18/Apr/2024:10:52:46 +0100] "GET /phpmyadmin/index.php?target=server_databases.php&token=5fc58add011c534c2a1ff44e4918aebd HTTP/1.1" 200 38724
::1 - - [18/Apr/2024:10:52:47 +0100] "GET /phpmyadmin/js/get_scripts.js.php?scripts[]=jquery/jquery-1.8.3.js&scripts[]=ajax.js&scripts[]=keyhandler.js&scripts[]=jquery/jquery-ui-1.9.2.custom.js&scripts[]=jquery/jquery.sprintf.js&scripts[]=jquery/jquery.cookie.js&scripts[]=jquery/jquery.mousewheel.js&scripts[]=jquery/jquery.event.drag-2.2.js&scripts[]=jquery/jquery-ui-timepicker-addon.js&scripts[]=jquery/jquery.ba-hashchange-1.3.js&scripts[]=jquery/jquery.debounce-1.0.5.js&scripts[]=jquery/jquery.menuResizer-1.0.js&scripts[]=rte.js&scripts[]=functions.js&scripts[]=navigation.js&scripts[]=indexes.js&scripts[]=common.js&scripts[]=server_databases.js&scripts[]=codemirror/lib/codemirror.js&scripts[]=codemirror/mode/mysql/mysql.js HTTP/1.1" 200 580380
::1 - - [18/Apr/2024:10:52:50 +0100] "GET /phpmyadmin/server_sql.php?db=&token=5fc58add011c534c2a1ff44e4918aebd&ajax_request=true&ajax_page_request=true&menuHashes=02b49a51&_nocache=1713433970670618223 HTTP/1.1" 200 6548
::1 - - [18/Apr/2024:10:52:58 +0100] "GET /phpmyadmin/navigation.php?ajax_request=1&token=5fc58add011c534c2a1ff44e4918aebd&aPath=cm9vdA%3D%3D.c3FsY291cnNl&vPath=cm9vdA%3D%3D.c3FsY291cnNl&pos=0&pos2_name=&pos2_value=&searchClause=&searchClause2=&_nocache=1713433978682350131 HTTP/1.1" 200 10854
::1 - - [18/Apr/2024:10:53:12 +0100] "POST /phpmyadmin/import.php HTTP/1.1" 200 4037
::1 - - [18/Apr/2024:10:53:22 +0100] "GET /phpmyadmin/url.php?url=http%3A%2F%2Fdev.mysql.com%2Fdoc%2Frefman%2F5.6%2Fen%2Fcomparison-operators.html%23operator_greater-than&token=5fc58add011c534c2a1ff44e4918aebd HTTP/1.1" 302 10993
::1 - - [18/Apr/2024:10:56:39 +0100] "POST /phpmyadmin/import.php HTTP/1.1" 200 163
::1 - - [18/Apr/2024:10:58:57 +0100] "POST /phpmyadmin/import.php HTTP/1.1" 200 163
::1 - - [18/Apr/2024:10:59:00 +0100] "GET /phpmyadmin/sql.php?server=1&db=sqlcourse&table=employees&pos=0&token=5fc58add011c534c2a1ff44e4918aebd&ajax_request=true&ajax_page_request=true&menuHashes=02b49a51-089040b4&_nocache=1713434340929739586 HTTP/1.1" 200 134645
::1 - - [18/Apr/2024:10:59:01 +0100] "GET /phpmyadmin/js/get_scripts.js.php?scripts[]=tbl_change.js&scripts[]=tbl_structure.js&scripts[]=gis_data_editor.js HTTP/1.1" 200 22203
::1 - - [18/Apr/2024:10:59:01 +0100] "GET /phpmyadmin/index.php?ajax_request=1&recent_table=1&token=5fc58add011c534c2a1ff44e4918aebd HTTP/1.1" 200 220
::1 - - [18/Apr/2024:10:59:03 +0100] "GET /phpmyadmin/tbl_sql.php?db=sqlcourse&table=employees&token=5fc58add011c534c2a1ff44e4918aebd&ajax_request=true&ajax_page_request=true&menuHashes=02b49a51-089040b4-6c462790&_nocache=1713434343469695828 HTTP/1.1" 200 8749
::1 - - [18/Apr/2024:10:59:03 +0100] "GET /phpmyadmin/index.php?ajax_request=1&recent_table=1&token=5fc58add011c534c2a1ff44e4918aebd HTTP/1.1" 200 220
::1 - - [18/Apr/2024:10:59:08 +0100] "POST /phpmyadmin/import.php HTTP/1.1" 200 24409
::1 - - [18/Apr/2024:10:59:50 +0100] "GET /phpmyadmin/tbl_sql.php?db=sqlcourse&table=employees&token=5fc58add011c534c2a1ff44e4918aebd&ajax_request=true&ajax_page_request=true&menuHashes=02b49a51-089040b4-6c462790-97d12cea&_nocache=1713434390409285225 HTTP/1.1" 200 5670
::1 - - [18/Apr/2024:10:59:50 +0100] "GET /phpmyadmin/index.php?ajax_request=1&recent_table=1&token=5fc58add011c534c2a1ff44e4918aebd HTTP/1.1" 200 220
::1 - - [18/Apr/2024:10:59:57 +0100] "POST /phpmyadmin/import.php HTTP/1.1" 200 97541
::1 - - [18/Apr/2024:11:00:22 +0100] "GET /phpmyadmin/tbl_sql.php?db=sqlcourse&table=employees&token=5fc58add011c534c2a1ff44e4918aebd&ajax_request=true&ajax_page_request=true&menuHashes=02b49a51-089040b4-6c462790-97d12cea&_nocache=1713434422332949346 HTTP/1.1" 200 5670
::1 - - [18/Apr/2024:11:00:22 +0100] "GET /phpmyadmin/index.php?ajax_request=1&recent_table=1&token=5fc58add011c534c2a1ff44e4918aebd HTTP/1.1" 200 220
::1 - - [18/Apr/2024:11:00:29 +0100] "POST /phpmyadmin/import.php HTTP/1.1" 200 48409
::1 - - [18/Apr/2024:11:00:55 +0100] "GET /phpmyadmin/tbl_sql.php?db=sqlcourse&table=employees&token=5fc58add011c534c2a1ff44e4918aebd&ajax_request=true&ajax_page_request=true&menuHashes=02b49a51-089040b4-6c462790-97d12cea&_nocache=1713434455965249043 HTTP/1.1" 200 5670
::1 - - [18/Apr/2024:11:00:56 +0100] "GET /phpmyadmin/index.php?ajax_request=1&recent_table=1&token=5fc58add011c534c2a1ff44e4918aebd HTTP/1.1" 200 220
::1 - - [18/Apr/2024:11:01:03 +0100] "POST /phpmyadmin/import.php HTTP/1.1" 200 112791
::1 - - [18/Apr/2024:11:19:48 +0100] "GET /phpmyadmin/tbl_sql.php?db=sqlcourse&table=employees&token=5fc58add011c534c2a1ff44e4918aebd&ajax_request=true&ajax_page_request=true&menuHashes=02b49a51-089040b4-6c462790-97d12cea&_nocache=1713435588056736102 HTTP/1.1" 200 5670
::1 - - [18/Apr/2024:11:19:48 +0100] "GET /phpmyadmin/index.php?ajax_request=1&recent_table=1&token=5fc58add011c534c2a1ff44e4918aebd HTTP/1.1" 200 220
::1 - - [18/Apr/2024:11:19:49 +0100] "GET /phpmyadmin/sql.php?server=1&db=sqlcourse&table=departments&pos=0&token=5fc58add011c534c2a1ff44e4918aebd&ajax_request=true&ajax_page_request=true&menuHashes=02b49a51-089040b4-6c462790-97d12cea&_nocache=171343558951398432 HTTP/1.1" 200 49433
::1 - - [18/Apr/2024:11:19:49 +0100] "GET /phpmyadmin/index.php?ajax_request=1&recent_table=1&token=5fc58add011c534c2a1ff44e4918aebd HTTP/1.1" 200 354
::1 - - [18/Apr/2024:11:19:55 +0100] "GET /phpmyadmin/sql.php?server=1&db=sqlcourse&table=employees&pos=0&token=5fc58add011c534c2a1ff44e4918aebd&ajax_request=true&ajax_page_request=true&menuHashes=02b49a51-089040b4-6c462790-97d12cea-0468aa96&_nocache=1713435595217859162 HTTP/1.1" 200 131566
::1 - - [18/Apr/2024:11:19:55 +0100] "GET /phpmyadmin/index.php?ajax_request=1&recent_table=1&token=5fc58add011c534c2a1ff44e4918aebd HTTP/1.1" 200 354
::1 - - [18/Apr/2024:11:20:01 +0100] "GET /phpmyadmin/tbl_sql.php?db=sqlcourse&table=employees&token=5fc58add011c534c2a1ff44e4918aebd&ajax_request=true&ajax_page_request=true&menuHashes=02b49a51-089040b4-6c462790-97d12cea-0468aa96&_nocache=1713435601671927068 HTTP/1.1" 200 5670
::1 - - [18/Apr/2024:11:20:01 +0100] "GET /phpmyadmin/index.php?ajax_request=1&recent_table=1&token=5fc58add011c534c2a1ff44e4918aebd HTTP/1.1" 200 354
::1 - - [18/Apr/2024:11:20:34 +0100] "POST /phpmyadmin/import.php HTTP/1.1" 200 179
::1 - - [18/Apr/2024:11:21:32 +0100] "POST /phpmyadmin/import.php HTTP/1.1" 200 262
::1 - - [18/Apr/2024:11:21:39 +0100] "POST /phpmyadmin/import.php HTTP/1.1" 200 22596
::1 - - [18/Apr/2024:11:22:52 +0100] "GET /phpmyadmin/querywindow.php?token=5fc58add011c534c2a1ff44e4918aebd&server=1&db=sqlcourse&table=employees&sql_query=SELECT%20%0D%0A%20%20%20%20first_name%2C%20last_name%2C%20salary%0D%0AFROM%0D%0A%20%20%20%20employees%0D%0AWHERE%0D%0A%20%20%20%20salary%20%3E%20ALL%20(SELECT%20%0D%0A%20%20%20%20%20%20%20%20%20%20%20%20MAX(salary)%0D%0A%20%20%20%20%20%20%20%20FROM%0D%0A%20%20%20%20%20%20%20%20%20%20%20%20employees%0D%0A%20%20%20%20%20%20%20%20WHERE%0D%0A%20%20%20%20%20%20%20%20%20%20%20%20department_id%20%3D%202)%0D%0AORDER%20BY%20salary&init=1 HTTP/1.1" 200 9099
::1 - - [18/Apr/2024:11:22:52 +0100] "GET /phpmyadmin/js/messages.php?lang=en&db=sqlcourse&token=5fc58add011c534c2a1ff44e4918aebd HTTP/1.1" 200 16674
::1 - - [18/Apr/2024:11:22:52 +0100] "GET /phpmyadmin/js/get_scripts.js.php?scripts[]=jquery/jquery-1.8.3.js&scripts[]=ajax.js&scripts[]=keyhandler.js&scripts[]=jquery/jquery-ui-1.9.2.custom.js&scripts[]=jquery/jquery.sprintf.js&scripts[]=jquery/jquery.cookie.js&scripts[]=jquery/jquery.mousewheel.js&scripts[]=jquery/jquery.event.drag-2.2.js&scripts[]=jquery/jquery-ui-timepicker-addon.js&scripts[]=jquery/jquery.ba-hashchange-1.3.js&scripts[]=jquery/jquery.debounce-1.0.5.js&scripts[]=jquery/jquery.menuResizer-1.0.js&scripts[]=rte.js&scripts[]=functions.js&scripts[]=navigation.js&scripts[]=indexes.js&scripts[]=common.js&scripts[]=querywindow.js&scripts[]=codemirror/lib/codemirror.js&scripts[]=codemirror/mode/mysql/mysql.js HTTP/1.1" 200 578973
::1 - - [18/Apr/2024:11:23:03 +0100] "POST /phpmyadmin/import.php HTTP/1.1" 200 41465
::1 - - [18/Apr/2024:11:23:03 +0100] "GET /phpmyadmin/js/messages.php?lang=en&db=sqlcourse&server=0&token=5fc58add011c534c2a1ff44e4918aebd HTTP/1.1" 200 16674
::1 - - [18/Apr/2024:11:23:03 +0100] "GET /phpmyadmin/js/get_scripts.js.php?scripts[]=jquery/jquery-1.8.3.js&scripts[]=ajax.js&scripts[]=keyhandler.js&scripts[]=jquery/jquery-ui-1.9.2.custom.js&scripts[]=jquery/jquery.sprintf.js&scripts[]=jquery/jquery.cookie.js&scripts[]=jquery/jquery.mousewheel.js&scripts[]=jquery/jquery.event.drag-2.2.js&scripts[]=jquery/jquery-ui-timepicker-addon.js&scripts[]=jquery/jquery.ba-hashchange-1.3.js&scripts[]=jquery/jquery.debounce-1.0.5.js&scripts[]=jquery/jquery.menuResizer-1.0.js&scripts[]=rte.js&scripts[]=functions.js&scripts[]=navigation.js&scripts[]=indexes.js&scripts[]=common.js&scripts[]=tbl_change.js&scripts[]=tbl_structure.js&scripts[]=gis_data_editor.js&scripts[]=makegrid.js&scripts[]=sql.js&scripts[]=codemirror/lib/codemirror.js&scripts[]=codemirror/mode/mysql/mysql.js HTTP/1.1" 200 635864
::1 - - [18/Apr/2024:11:23:04 +0100] "GET /phpmyadmin/index.php?ajax_request=1&recent_table=1&token=5fc58add011c534c2a1ff44e4918aebd HTTP/1.1" 200 354
::1 - - [18/Apr/2024:11:23:13 +0100] "GET /phpmyadmin/url.php?url=http%3A%2F%2Fdev.mysql.com%2Fdoc%2Frefman%2F5.6%2Fen%2Fcomparison-operators.html%23operator_not-equal&token=5fc58add011c534c2a1ff44e4918aebd HTTP/1.1" 302 11199
::1 - - [18/Apr/2024:11:23:34 +0100] "POST /phpmyadmin/querywindow.php HTTP/1.1" 200 9134
::1 - - [18/Apr/2024:11:23:41 +0100] "POST /phpmyadmin/import.php HTTP/1.1" 200 27201
::1 - - [18/Apr/2024:11:23:42 +0100] "GET /phpmyadmin/index.php?ajax_request=1&recent_table=1&token=5fc58add011c534c2a1ff44e4918aebd HTTP/1.1" 200 354
::1 - - [18/Apr/2024:11:23:50 +0100] "GET /phpmyadmin/url.php?url=http%3A%2F%2Fdev.mysql.com%2Fdoc%2Frefman%2F5.6%2Fen%2Fcomparison-operators.html%23operator_equal&token=5fc58add011c534c2a1ff44e4918aebd HTTP/1.1" 302 11199
::1 - - [18/Apr/2024:11:24:34 +0100] "POST /phpmyadmin/querywindow.php HTTP/1.1" 200 9134
::1 - - [18/Apr/2024:11:24:46 +0100] "POST /phpmyadmin/import.php HTTP/1.1" 200 35180
::1 - - [18/Apr/2024:11:24:46 +0100] "GET /phpmyadmin/index.php?ajax_request=1&recent_table=1&token=5fc58add011c534c2a1ff44e4918aebd HTTP/1.1" 200 354
::1 - - [18/Apr/2024:11:25:00 +0100] "POST /phpmyadmin/querywindow.php HTTP/1.1" 200 9134
::1 - - [18/Apr/2024:11:25:07 +0100] "POST /phpmyadmin/import.php HTTP/1.1" 200 21763
::1 - - [18/Apr/2024:11:25:08 +0100] "GET /phpmyadmin/index.php?ajax_request=1&recent_table=1&token=5fc58add011c534c2a1ff44e4918aebd HTTP/1.1" 200 354
::1 - - [18/Apr/2024:11:26:34 +0100] "GET /phpmyadmin/sql.php?server=1&db=sqlcourse&table=departments&pos=0&token=5fc58add011c534c2a1ff44e4918aebd&ajax_request=true&ajax_page_request=true&menuHashes=02b49a51-089040b4-6c462790-97d12cea-0468aa96&_nocache=171343599462330454 HTTP/1.1" 200 46332
::1 - - [18/Apr/2024:11:26:34 +0100] "GET /phpmyadmin/index.php?ajax_request=1&recent_table=1&token=5fc58add011c534c2a1ff44e4918aebd HTTP/1.1" 200 354
::1 - - [18/Apr/2024:11:26:45 +0100] "GET /phpmyadmin/tbl_sql.php?db=sqlcourse&table=departments&token=5fc58add011c534c2a1ff44e4918aebd&ajax_request=true&ajax_page_request=true&menuHashes=02b49a51-089040b4-6c462790-97d12cea-0468aa96&_nocache=1713436005933989493 HTTP/1.1" 200 8371
::1 - - [18/Apr/2024:11:26:46 +0100] "GET /phpmyadmin/index.php?ajax_request=1&recent_table=1&token=5fc58add011c534c2a1ff44e4918aebd HTTP/1.1" 200 354
::1 - - [18/Apr/2024:11:27:12 +0100] "POST /phpmyadmin/import.php HTTP/1.1" 200 180
::1 - - [18/Apr/2024:11:27:38 +0100] "POST /phpmyadmin/import.php HTTP/1.1" 200 40469
::1 - - [18/Apr/2024:11:27:46 +0100] "GET /phpmyadmin/sql.php?server=1&db=sqlcourse&table=departments&pos=0&token=5fc58add011c534c2a1ff44e4918aebd&ajax_request=true&ajax_page_request=true&menuHashes=02b49a51-089040b4-6c462790-97d12cea-0468aa96-5c7c9ad0&_nocache=1713436066778778515 HTTP/1.1" 200 46332
::1 - - [18/Apr/2024:11:27:47 +0100] "GET /phpmyadmin/index.php?ajax_request=1&recent_table=1&token=5fc58add011c534c2a1ff44e4918aebd HTTP/1.1" 200 354
::1 - - [18/Apr/2024:11:27:49 +0100] "GET /phpmyadmin/sql.php?server=1&db=sqlcourse&table=employees&pos=0&token=5fc58add011c534c2a1ff44e4918aebd&ajax_request=true&ajax_page_request=true&menuHashes=02b49a51-089040b4-6c462790-97d12cea-0468aa96-5c7c9ad0&_nocache=1713436069377323417 HTTP/1.1" 200 131566
::1 - - [18/Apr/2024:11:27:49 +0100] "GET /phpmyadmin/index.php?ajax_request=1&recent_table=1&token=5fc58add011c534c2a1ff44e4918aebd HTTP/1.1" 200 354
::1 - - [18/Apr/2024:11:27:51 +0100] "GET /phpmyadmin/tbl_sql.php?db=sqlcourse&table=employees&token=5fc58add011c534c2a1ff44e4918aebd&ajax_request=true&ajax_page_request=true&menuHashes=02b49a51-089040b4-6c462790-97d12cea-0468aa96-5c7c9ad0&_nocache=171343607173734049 HTTP/1.1" 200 5670
::1 - - [18/Apr/2024:11:27:51 +0100] "GET /phpmyadmin/index.php?ajax_request=1&recent_table=1&token=5fc58add011c534c2a1ff44e4918aebd HTTP/1.1" 200 354
::1 - - [18/Apr/2024:11:31:30 +0100] "POST /phpmyadmin/import.php HTTP/1.1" 200 289
::1 - - [18/Apr/2024:11:31:53 +0100] "POST /phpmyadmin/import.php HTTP/1.1" 200 23692
::1 - - [18/Apr/2024:11:32:04 +0100] "POST /phpmyadmin/querywindow.php HTTP/1.1" 200 9054
::1 - - [18/Apr/2024:11:32:30 +0100] "POST /phpmyadmin/import.php HTTP/1.1" 200 18158
::1 - - [18/Apr/2024:11:32:31 +0100] "GET /phpmyadmin/index.php?ajax_request=1&recent_table=1&token=5fc58add011c534c2a1ff44e4918aebd HTTP/1.1" 200 354
::1 - - [18/Apr/2024:11:32:56 +0100] "POST /phpmyadmin/querywindow.php HTTP/1.1" 200 9054
::1 - - [18/Apr/2024:11:33:17 +0100] "POST /phpmyadmin/import.php HTTP/1.1" 200 31418
::1 - - [18/Apr/2024:11:33:17 +0100] "GET /phpmyadmin/index.php?ajax_request=1&recent_table=1&token=5fc58add011c534c2a1ff44e4918aebd HTTP/1.1" 200 354
::1 - - [18/Apr/2024:11:33:47 +0100] "POST /phpmyadmin/querywindow.php HTTP/1.1" 200 9054
::1 - - [18/Apr/2024:11:34:44 +0100] "POST /phpmyadmin/import.php HTTP/1.1" 200 24817
::1 - - [18/Apr/2024:11:34:44 +0100] "GET /phpmyadmin/index.php?ajax_request=1&recent_table=1&token=5fc58add011c534c2a1ff44e4918aebd HTTP/1.1" 200 354
::1 - - [18/Apr/2024:11:53:41 +0100] "GET /phpmyadmin/sql.php?server=1&db=sqlcourse&table=dependents&pos=0&token=5fc58add011c534c2a1ff44e4918aebd&ajax_request=true&ajax_page_request=true&menuHashes=02b49a51-089040b4-6c462790-97d12cea-0468aa96-5c7c9ad0&_nocache=17134376219303488 HTTP/1.1" 200 105247
::1 - - [18/Apr/2024:11:53:42 +0100] "GET /phpmyadmin/index.php?ajax_request=1&recent_table=1&token=5fc58add011c534c2a1ff44e4918aebd HTTP/1.1" 200 486
::1 - - [18/Apr/2024:11:53:44 +0100] "GET /phpmyadmin/tbl_sql.php?db=sqlcourse&table=dependents&token=5fc58add011c534c2a1ff44e4918aebd&ajax_request=true&ajax_page_request=true&menuHashes=02b49a51-089040b4-6c462790-97d12cea-0468aa96-5c7c9ad0-3d6a5878&_nocache=1713437624277398660 HTTP/1.1" 200 8472
::1 - - [18/Apr/2024:11:53:44 +0100] "GET /phpmyadmin/index.php?ajax_request=1&recent_table=1&token=5fc58add011c534c2a1ff44e4918aebd HTTP/1.1" 200 486
::1 - - [18/Apr/2024:11:53:59 +0100] "POST /phpmyadmin/import.php HTTP/1.1" 200 5303
::1 - - [18/Apr/2024:11:54:04 +0100] "GET /phpmyadmin/sql.php?server=1&db=sqlcourse&table=dependents&pos=0&token=5fc58add011c534c2a1ff44e4918aebd&ajax_request=true&ajax_page_request=true&menuHashes=089040b4-6c462790-97d12cea-0468aa96-5c7c9ad0-3d6a5878-27af6fbb&_nocache=171343764470743138 HTTP/1.1" 200 106387
::1 - - [18/Apr/2024:11:54:04 +0100] "GET /phpmyadmin/index.php?ajax_request=1&recent_table=1&token=5fc58add011c534c2a1ff44e4918aebd HTTP/1.1" 200 486
::1 - - [18/Apr/2024:11:54:13 +0100] "GET /phpmyadmin/sql.php?db=sqlcourse&table=dependents&sql_query=SELECT+%2A+FROM+%60dependents%60%0AORDER+BY+%60dependents%60.%60first_name%60+ASC&session_max_rows=30&token=5fc58add011c534c2a1ff44e4918aebd&ajax_request=true&ajax_page_request=true&menuHashes=089040b4-6c462790-97d12cea-0468aa96-5c7c9ad0-3d6a5878-27af6fbb&_nocache=1713437653252190508 HTTP/1.1" 200 113142
::1 - - [18/Apr/2024:11:54:13 +0100] "GET /phpmyadmin/index.php?ajax_request=1&recent_table=1&token=5fc58add011c534c2a1ff44e4918aebd HTTP/1.1" 200 486
::1 - - [18/Apr/2024:11:55:29 +0100] "GET /phpmyadmin/tbl_sql.php?db=sqlcourse&table=dependents&token=5fc58add011c534c2a1ff44e4918aebd&ajax_request=true&ajax_page_request=true&menuHashes=089040b4-6c462790-97d12cea-0468aa96-5c7c9ad0-3d6a5878-27af6fbb&_nocache=1713437729178582533 HTTP/1.1" 200 5382
::1 - - [18/Apr/2024:11:55:29 +0100] "GET /phpmyadmin/index.php?ajax_request=1&recent_table=1&token=5fc58add011c534c2a1ff44e4918aebd HTTP/1.1" 200 486
::1 - - [18/Apr/2024:11:55:34 +0100] "POST /phpmyadmin/import.php HTTP/1.1" 200 17711
::1 - - [18/Apr/2024:11:56:06 +0100] "GET /phpmyadmin/tbl_sql.php?db=sqlcourse&table=dependents&token=5fc58add011c534c2a1ff44e4918aebd&ajax_request=true&ajax_page_request=true&menuHashes=089040b4-6c462790-97d12cea-0468aa96-5c7c9ad0-3d6a5878-27af6fbb&_nocache=1713437766399290830 HTTP/1.1" 200 5382
::1 - - [18/Apr/2024:11:56:06 +0100] "GET /phpmyadmin/index.php?ajax_request=1&recent_table=1&token=5fc58add011c534c2a1ff44e4918aebd HTTP/1.1" 200 486
::1 - - [18/Apr/2024:11:56:11 +0100] "POST /phpmyadmin/import.php HTTP/1.1" 200 7255
::1 - - [18/Apr/2024:11:56:14 +0100] "GET /phpmyadmin/tbl_sql.php?db=sqlcourse&table=dependents&token=5fc58add011c534c2a1ff44e4918aebd&ajax_request=true&ajax_page_request=true&menuHashes=089040b4-6c462790-97d12cea-0468aa96-5c7c9ad0-3d6a5878-27af6fbb&_nocache=1713437774311409206 HTTP/1.1" 200 5382
::1 - - [18/Apr/2024:11:56:14 +0100] "GET /phpmyadmin/index.php?ajax_request=1&recent_table=1&token=5fc58add011c534c2a1ff44e4918aebd HTTP/1.1" 200 486
::1 - - [18/Apr/2024:11:56:45 +0100] "POST /phpmyadmin/import.php HTTP/1.1" 200 188
::1 - - [18/Apr/2024:11:56:53 +0100] "POST /phpmyadmin/import.php HTTP/1.1" 200 22625
::1 - - [18/Apr/2024:12:18:58 +0100] "GET /phpmyadmin/sql.php?server=1&db=sqlcourse&table=student&pos=0&token=5fc58add011c534c2a1ff44e4918aebd&ajax_request=true&ajax_page_request=true&menuHashes=089040b4-6c462790-97d12cea-0468aa96-5c7c9ad0-3d6a5878-27af6fbb&_nocache=1713439138445261120 HTTP/1.1" 200 20144
::1 - - [18/Apr/2024:12:18:58 +0100] "GET /phpmyadmin/index.php?ajax_request=1&recent_table=1&token=5fc58add011c534c2a1ff44e4918aebd HTTP/1.1" 200 612
::1 - - [18/Apr/2024:12:19:04 +0100] "GET /phpmyadmin/sql.php?server=1&db=sqlcourse&table=regions&pos=0&token=5fc58add011c534c2a1ff44e4918aebd&ajax_request=true&ajax_page_request=true&menuHashes=6c462790-97d12cea-0468aa96-5c7c9ad0-3d6a5878-27af6fbb-6d4af18f&_nocache=1713439144335902868 HTTP/1.1" 200 27830
::1 - - [18/Apr/2024:12:19:04 +0100] "GET /phpmyadmin/index.php?ajax_request=1&recent_table=1&token=5fc58add011c534c2a1ff44e4918aebd HTTP/1.1" 200 738
::1 - - [18/Apr/2024:12:19:07 +0100] "GET /phpmyadmin/sql.php?server=1&db=sqlcourse&table=student&pos=0&token=5fc58add011c534c2a1ff44e4918aebd&ajax_request=true&ajax_page_request=true&menuHashes=97d12cea-0468aa96-5c7c9ad0-3d6a5878-27af6fbb-6d4af18f-82d5f198&_nocache=1713439147073497952 HTTP/1.1" 200 17087
::1 - - [18/Apr/2024:12:19:07 +0100] "GET /phpmyadmin/index.php?ajax_request=1&recent_table=1&token=5fc58add011c534c2a1ff44e4918aebd HTTP/1.1" 200 738
::1 - - [18/Apr/2024:12:19:20 +0100] "GET /phpmyadmin/sql.php?server=1&db=sqlcourse&table=module&pos=0&token=5fc58add011c534c2a1ff44e4918aebd&ajax_request=true&ajax_page_request=true&menuHashes=97d12cea-0468aa96-5c7c9ad0-3d6a5878-27af6fbb-6d4af18f-82d5f198&_nocache=1713439160529686377 HTTP/1.1" 200 17746
::1 - - [18/Apr/2024:12:19:20 +0100] "GET /phpmyadmin/index.php?ajax_request=1&recent_table=1&token=5fc58add011c534c2a1ff44e4918aebd HTTP/1.1" 200 862
::1 - - [18/Apr/2024:12:19:25 +0100] "GET /phpmyadmin/sql.php?server=1&db=sqlcourse&table=student&pos=0&token=5fc58add011c534c2a1ff44e4918aebd&ajax_request=true&ajax_page_request=true&menuHashes=0468aa96-5c7c9ad0-3d6a5878-27af6fbb-6d4af18f-82d5f198-3abcb5a9&_nocache=1713439165145117618 HTTP/1.1" 200 17087
::1 - - [18/Apr/2024:12:19:25 +0100] "GET /phpmyadmin/index.php?ajax_request=1&recent_table=1&token=5fc58add011c534c2a1ff44e4918aebd HTTP/1.1" 200 862
::1 - - [18/Apr/2024:12:20:41 +0100] "GET /phpmyadmin/tbl_sql.php?db=sqlcourse&table=student&token=5fc58add011c534c2a1ff44e4918aebd&ajax_request=true&ajax_page_request=true&menuHashes=0468aa96-5c7c9ad0-3d6a5878-27af6fbb-6d4af18f-82d5f198-3abcb5a9&_nocache=1713439241150806436 HTTP/1.1" 200 8389
::1 - - [18/Apr/2024:12:20:41 +0100] "GET /phpmyadmin/index.php?ajax_request=1&recent_table=1&token=5fc58add011c534c2a1ff44e4918aebd HTTP/1.1" 200 862
::1 - - [18/Apr/2024:12:23:00 +0100] "POST /phpmyadmin/import.php HTTP/1.1" 200 405
::1 - - [18/Apr/2024:12:23:23 +0100] "GET /phpmyadmin/sql.php?server=1&db=sqlcourse&table=student&pos=0&token=5fc58add011c534c2a1ff44e4918aebd&ajax_request=true&ajax_page_request=true&menuHashes=5c7c9ad0-3d6a5878-27af6fbb-6d4af18f-82d5f198-3abcb5a9-43f2cd8b&_nocache=1713439403001427450 HTTP/1.1" 200 17087
::1 - - [18/Apr/2024:12:23:23 +0100] "GET /phpmyadmin/index.php?ajax_request=1&recent_table=1&token=5fc58add011c534c2a1ff44e4918aebd HTTP/1.1" 200 862
::1 - - [18/Apr/2024:12:25:04 +0100] "GET /phpmyadmin/tbl_sql.php?db=sqlcourse&table=student&token=5fc58add011c534c2a1ff44e4918aebd&ajax_request=true&ajax_page_request=true&menuHashes=5c7c9ad0-3d6a5878-27af6fbb-6d4af18f-82d5f198-3abcb5a9-43f2cd8b&_nocache=1713439504307439899 HTTP/1.1" 200 5332
::1 - - [18/Apr/2024:12:25:04 +0100] "GET /phpmyadmin/index.php?ajax_request=1&recent_table=1&token=5fc58add011c534c2a1ff44e4918aebd HTTP/1.1" 200 862
::1 - - [18/Apr/2024:12:26:32 +0100] "GET /phpmyadmin/tbl_sql.php?db=sqlcourse&table=employees&token=5fc58add011c534c2a1ff44e4918aebd&ajax_request=true&ajax_page_request=true&_nocache=1713439592464206803 HTTP/1.1" 200 8749
::1 - - [18/Apr/2024:12:26:32 +0100] "GET /phpmyadmin/index.php?ajax_request=1&recent_table=1&token=5fc58add011c534c2a1ff44e4918aebd HTTP/1.1" 200 862
::1 - - [18/Apr/2024:12:29:37 +0100] "POST /phpmyadmin/import.php HTTP/1.1" 200 5175
::1 - - [18/Apr/2024:12:29:37 +0100] "POST /phpmyadmin/navigation.php?ajax_request=1&token=5fc58add011c534c2a1ff44e4918aebd HTTP/1.1" 200 1293
::1 - - [18/Apr/2024:12:29:41 +0100] "GET /phpmyadmin/navigation.php?ajax_request=1&token=5fc58add011c534c2a1ff44e4918aebd&aPath=cm9vdA%3D%3D.c3FsY291cnNl&vPath=cm9vdA%3D%3D.c3FsY291cnNl&pos=0&pos2_name=&pos2_value=&searchClause=&searchClause2=&_nocache=1713439781312608654 HTTP/1.1" 200 11641
::1 - - [18/Apr/2024:12:29:47 +0100] "GET /phpmyadmin/sql.php?server=1&db=sqlcourse&table=studentme&pos=0&token=5fc58add011c534c2a1ff44e4918aebd&ajax_request=true&ajax_page_request=true&menuHashes=97d12cea&_nocache=1713439787394142775 HTTP/1.1" 200 10327
::1 - - [18/Apr/2024:12:29:47 +0100] "GET /phpmyadmin/index.php?ajax_request=1&recent_table=1&token=5fc58add011c534c2a1ff44e4918aebd HTTP/1.1" 200 992
::1 - - [18/Apr/2024:12:30:58 +0100] "GET /phpmyadmin/tbl_sql.php?db=sqlcourse&table=studentme&token=5fc58add011c534c2a1ff44e4918aebd&ajax_request=true&ajax_page_request=true&menuHashes=97d12cea-690a5e29&_nocache=1713439858114859677 HTTP/1.1" 200 8363
::1 - - [18/Apr/2024:12:30:58 +0100] "GET /phpmyadmin/index.php?ajax_request=1&recent_table=1&token=5fc58add011c534c2a1ff44e4918aebd HTTP/1.1" 200 992
::1 - - [18/Apr/2024:12:33:05 +0100] "POST /phpmyadmin/import.php HTTP/1.1" 200 5219
::1 - - [18/Apr/2024:12:33:05 +0100] "POST /phpmyadmin/navigation.php?ajax_request=1&token=5fc58add011c534c2a1ff44e4918aebd HTTP/1.1" 200 13774
::1 - - [18/Apr/2024:12:33:09 +0100] "GET /phpmyadmin/sql.php?server=1&db=sqlcourse&table=moduleej&pos=0&token=5fc58add011c534c2a1ff44e4918aebd&ajax_request=true&ajax_page_request=true&menuHashes=97d12cea-690a5e29-af67b6d0&_nocache=1713439989054457691 HTTP/1.1" 200 10287
::1 - - [18/Apr/2024:12:33:09 +0100] "GET /phpmyadmin/index.php?ajax_request=1&recent_table=1&token=5fc58add011c534c2a1ff44e4918aebd HTTP/1.1" 200 1120
::1 - - [18/Apr/2024:12:34:44 +0100] "GET /phpmyadmin/sql.php?server=1&db=sqlcourse&table=studentme&pos=0&token=5fc58add011c534c2a1ff44e4918aebd&ajax_request=true&ajax_page_request=true&menuHashes=97d12cea-690a5e29-af67b6d0-ed152dec&_nocache=1713440084607881673 HTTP/1.1" 200 7248
::1 - - [18/Apr/2024:12:34:44 +0100] "GET /phpmyadmin/index.php?ajax_request=1&recent_table=1&token=5fc58add011c534c2a1ff44e4918aebd HTTP/1.1" 200 1120
::1 - - [18/Apr/2024:12:34:47 +0100] "GET /phpmyadmin/querywindow.php?token=5fc58add011c534c2a1ff44e4918aebd&server=1&db=sqlcourse&table=studentme&sql_query=SELECT%20*%20FROM%20%60studentme%60&init=1 HTTP/1.1" 200 8347
::1 - - [18/Apr/2024:12:34:47 +0100] "GET /phpmyadmin/js/get_scripts.js.php?scripts[]=jquery/jquery-1.8.3.js&scripts[]=ajax.js&scripts[]=keyhandler.js&scripts[]=jquery/jquery-ui-1.9.2.custom.js&scripts[]=jquery/jquery.sprintf.js&scripts[]=jquery/jquery.cookie.js&scripts[]=jquery/jquery.mousewheel.js&scripts[]=jquery/jquery.event.drag-2.2.js&scripts[]=jquery/jquery-ui-timepicker-addon.js&scripts[]=jquery/jquery.ba-hashchange-1.3.js&scripts[]=jquery/jquery.debounce-1.0.5.js&scripts[]=jquery/jquery.menuResizer-1.0.js&scripts[]=rte.js&scripts[]=functions.js&scripts[]=navigation.js&scripts[]=indexes.js&scripts[]=common.js&scripts[]=querywindow.js&scripts[]=codemirror/lib/codemirror.js&scripts[]=codemirror/mode/mysql/mysql.js HTTP/1.1" 200 578973
::1 - - [18/Apr/2024:12:35:18 +0100] "GET /phpmyadmin/sql.php?server=1&db=sqlcourse&table=student&pos=0&token=5fc58add011c534c2a1ff44e4918aebd&ajax_request=true&ajax_page_request=true&menuHashes=97d12cea-690a5e29-af67b6d0-ed152dec&_nocache=1713440118091293999 HTTP/1.1" 200 20144
::1 - - [18/Apr/2024:12:35:18 +0100] "GET /phpmyadmin/index.php?ajax_request=1&recent_table=1&token=5fc58add011c534c2a1ff44e4918aebd HTTP/1.1" 200 1120
::1 - - [18/Apr/2024:12:35:24 +0100] "GET /phpmyadmin/sql.php?server=1&db=sqlcourse&table=studentme&pos=0&token=5fc58add011c534c2a1ff44e4918aebd&ajax_request=true&ajax_page_request=true&menuHashes=97d12cea-690a5e29-af67b6d0-ed152dec-6d4af18f&_nocache=1713440124751219919 HTTP/1.1" 200 7248
::1 - - [18/Apr/2024:12:35:24 +0100] "GET /phpmyadmin/index.php?ajax_request=1&recent_table=1&token=5fc58add011c534c2a1ff44e4918aebd HTTP/1.1" 200 1120
::1 - - [18/Apr/2024:12:35:59 +0100] "GET /phpmyadmin/tbl_sql.php?db=sqlcourse&table=studentme&token=5fc58add011c534c2a1ff44e4918aebd&ajax_request=true&ajax_page_request=true&menuHashes=97d12cea-690a5e29-af67b6d0-ed152dec-6d4af18f&_nocache=1713440159398378816 HTTP/1.1" 200 5284
::1 - - [18/Apr/2024:12:35:59 +0100] "GET /phpmyadmin/index.php?ajax_request=1&recent_table=1&token=5fc58add011c534c2a1ff44e4918aebd HTTP/1.1" 200 1120
::1 - - [18/Apr/2024:12:37:12 +0100] "POST /phpmyadmin/import.php HTTP/1.1" 200 323
::1 - - [18/Apr/2024:12:37:38 +0100] "POST /phpmyadmin/import.php HTTP/1.1" 200 5265
::1 - - [18/Apr/2024:12:37:43 +0100] "GET /phpmyadmin/sql.php?server=1&db=sqlcourse&table=student&pos=0&token=5fc58add011c534c2a1ff44e4918aebd&ajax_request=true&ajax_page_request=true&menuHashes=97d12cea-690a5e29-af67b6d0-ed152dec-6d4af18f&_nocache=1713440263153346272 HTTP/1.1" 200 17087
::1 - - [18/Apr/2024:12:37:43 +0100] "GET /phpmyadmin/index.php?ajax_request=1&recent_table=1&token=5fc58add011c534c2a1ff44e4918aebd HTTP/1.1" 200 1120
::1 - - [18/Apr/2024:12:37:46 +0100] "GET /phpmyadmin/sql.php?server=1&db=sqlcourse&table=studentme&pos=0&token=5fc58add011c534c2a1ff44e4918aebd&ajax_request=true&ajax_page_request=true&menuHashes=97d12cea-690a5e29-af67b6d0-ed152dec-6d4af18f&_nocache=171344026636584265 HTTP/1.1" 200 13101
::1 - - [18/Apr/2024:12:37:46 +0100] "GET /phpmyadmin/index.php?ajax_request=1&recent_table=1&token=5fc58add011c534c2a1ff44e4918aebd HTTP/1.1" 200 1120
::1 - - [18/Apr/2024:12:38:31 +0100] "GET /phpmyadmin/sql.php?server=1&db=sqlcourse&table=moduleej&pos=0&token=5fc58add011c534c2a1ff44e4918aebd&ajax_request=true&ajax_page_request=true&menuHashes=97d12cea-690a5e29-af67b6d0-ed152dec-6d4af18f&_nocache=1713440311323275350 HTTP/1.1" 200 7219
::1 - - [18/Apr/2024:12:38:31 +0100] "GET /phpmyadmin/index.php?ajax_request=1&recent_table=1&token=5fc58add011c534c2a1ff44e4918aebd HTTP/1.1" 200 1120
::1 - - [18/Apr/2024:12:38:32 +0100] "GET /phpmyadmin/tbl_sql.php?db=sqlcourse&table=moduleej&token=5fc58add011c534c2a1ff44e4918aebd&ajax_request=true&ajax_page_request=true&menuHashes=97d12cea-690a5e29-af67b6d0-ed152dec-6d4af18f&_nocache=1713440312913569518 HTTP/1.1" 200 8382
::1 - - [18/Apr/2024:12:38:33 +0100] "GET /phpmyadmin/index.php?ajax_request=1&recent_table=1&token=5fc58add011c534c2a1ff44e4918aebd HTTP/1.1" 200 1120
::1 - - [18/Apr/2024:12:38:40 +0100] "POST /phpmyadmin/import.php HTTP/1.1" 200 2505
::1 - - [18/Apr/2024:12:38:40 +0100] "POST /phpmyadmin/navigation.php?ajax_request=1&token=5fc58add011c534c2a1ff44e4918aebd HTTP/1.1" 200 13774
::1 - - [18/Apr/2024:12:38:52 +0100] "GET /phpmyadmin/tbl_sql.php?db=sqlcourse&table=moduleej&token=5fc58add011c534c2a1ff44e4918aebd&ajax_request=true&ajax_page_request=true&menuHashes=97d12cea-690a5e29-af67b6d0-ed152dec-6d4af18f-99316fee&_nocache=1713440332712821683 HTTP/1.1" 200 5314
::1 - - [18/Apr/2024:12:38:52 +0100] "GET /phpmyadmin/index.php?ajax_request=1&recent_table=1&token=5fc58add011c534c2a1ff44e4918aebd HTTP/1.1" 200 1120
::1 - - [18/Apr/2024:12:39:00 +0100] "GET /phpmyadmin/sql.php?server=1&db=sqlcourse&table=module&pos=0&token=5fc58add011c534c2a1ff44e4918aebd&ajax_request=true&ajax_page_request=true&menuHashes=97d12cea-690a5e29-af67b6d0-ed152dec-6d4af18f-99316fee&_nocache=1713440340551919952 HTTP/1.1" 200 24572
::1 - - [18/Apr/2024:12:39:00 +0100] "GET /phpmyadmin/index.php?ajax_request=1&recent_table=1&token=5fc58add011c534c2a1ff44e4918aebd HTTP/1.1" 200 1120
::1 - - [18/Apr/2024:12:39:03 +0100] "GET /phpmyadmin/tbl_sql.php?db=sqlcourse&table=module&token=5fc58add011c534c2a1ff44e4918aebd&ajax_request=true&ajax_page_request=true&menuHashes=97d12cea-690a5e29-af67b6d0-ed152dec-6d4af18f-99316fee-3abcb5a9&_nocache=1713440343892172932 HTTP/1.1" 200 8410
::1 - - [18/Apr/2024:12:39:04 +0100] "GET /phpmyadmin/index.php?ajax_request=1&recent_table=1&token=5fc58add011c534c2a1ff44e4918aebd HTTP/1.1" 200 1120
::1 - - [18/Apr/2024:12:39:08 +0100] "POST /phpmyadmin/import.php HTTP/1.1" 200 206
::1 - - [18/Apr/2024:12:39:18 +0100] "GET /phpmyadmin/sql.php?server=1&db=sqlcourse&table=moduleej&pos=0&token=5fc58add011c534c2a1ff44e4918aebd&ajax_request=true&ajax_page_request=true&menuHashes=690a5e29-af67b6d0-ed152dec-6d4af18f-99316fee-3abcb5a9-e83e1977&_nocache=1713440358207770393 HTTP/1.1" 200 7219
::1 - - [18/Apr/2024:12:39:18 +0100] "GET /phpmyadmin/index.php?ajax_request=1&recent_table=1&token=5fc58add011c534c2a1ff44e4918aebd HTTP/1.1" 200 1120
::1 - - [18/Apr/2024:12:39:20 +0100] "GET /phpmyadmin/tbl_sql.php?db=sqlcourse&table=moduleej&token=5fc58add011c534c2a1ff44e4918aebd&ajax_request=true&ajax_page_request=true&menuHashes=690a5e29-af67b6d0-ed152dec-6d4af18f-99316fee-3abcb5a9-e83e1977&_nocache=1713440360566568215 HTTP/1.1" 200 5314
::1 - - [18/Apr/2024:12:39:20 +0100] "GET /phpmyadmin/index.php?ajax_request=1&recent_table=1&token=5fc58add011c534c2a1ff44e4918aebd HTTP/1.1" 200 1120
::1 - - [18/Apr/2024:12:39:25 +0100] "POST /phpmyadmin/import.php HTTP/1.1" 200 206
::1 - - [18/Apr/2024:12:39:43 +0100] "POST /phpmyadmin/import.php HTTP/1.1" 200 206
::1 - - [18/Apr/2024:12:39:51 +0100] "GET /phpmyadmin/sql.php?server=1&db=sqlcourse&table=module&pos=0&token=5fc58add011c534c2a1ff44e4918aebd&ajax_request=true&ajax_page_request=true&menuHashes=690a5e29-af67b6d0-ed152dec-6d4af18f-99316fee-3abcb5a9-e83e1977&_nocache=1713440391096156699 HTTP/1.1" 200 21526
::1 - - [18/Apr/2024:12:39:51 +0100] "GET /phpmyadmin/index.php?ajax_request=1&recent_table=1&token=5fc58add011c534c2a1ff44e4918aebd HTTP/1.1" 200 1120
::1 - - [18/Apr/2024:12:39:53 +0100] "GET /phpmyadmin/sql.php?server=1&db=sqlcourse&table=moduleej&pos=0&token=5fc58add011c534c2a1ff44e4918aebd&ajax_request=true&ajax_page_request=true&menuHashes=690a5e29-af67b6d0-ed152dec-6d4af18f-99316fee-3abcb5a9-e83e1977&_nocache=1713440393750148388 HTTP/1.1" 200 7219
::1 - - [18/Apr/2024:12:39:53 +0100] "GET /phpmyadmin/index.php?ajax_request=1&recent_table=1&token=5fc58add011c534c2a1ff44e4918aebd HTTP/1.1" 200 1120
::1 - - [18/Apr/2024:12:40:05 +0100] "GET /phpmyadmin/tbl_sql.php?db=sqlcourse&table=moduleej&token=5fc58add011c534c2a1ff44e4918aebd&ajax_request=true&ajax_page_request=true&menuHashes=690a5e29-af67b6d0-ed152dec-6d4af18f-99316fee-3abcb5a9-e83e1977&_nocache=171344040522965062 HTTP/1.1" 200 5314
::1 - - [18/Apr/2024:12:40:05 +0100] "GET /phpmyadmin/index.php?ajax_request=1&recent_table=1&token=5fc58add011c534c2a1ff44e4918aebd HTTP/1.1" 200 1120
::1 - - [18/Apr/2024:12:40:13 +0100] "POST /phpmyadmin/import.php HTTP/1.1" 200 2515
::1 - - [18/Apr/2024:12:40:13 +0100] "POST /phpmyadmin/navigation.php?ajax_request=1&token=5fc58add011c534c2a1ff44e4918aebd HTTP/1.1" 200 13774
::1 - - [18/Apr/2024:12:40:23 +0100] "GET /phpmyadmin/tbl_sql.php?db=sqlcourse&table=moduleej&token=5fc58add011c534c2a1ff44e4918aebd&ajax_request=true&ajax_page_request=true&menuHashes=690a5e29-af67b6d0-ed152dec-6d4af18f-99316fee-3abcb5a9-e83e1977&_nocache=1713440423172121583 HTTP/1.1" 200 5314
::1 - - [18/Apr/2024:12:40:23 +0100] "GET /phpmyadmin/index.php?ajax_request=1&recent_table=1&token=5fc58add011c534c2a1ff44e4918aebd HTTP/1.1" 200 1120
::1 - - [18/Apr/2024:12:40:31 +0100] "POST /phpmyadmin/import.php HTTP/1.1" 200 2583
::1 - - [18/Apr/2024:12:40:31 +0100] "POST /phpmyadmin/navigation.php?ajax_request=1&token=5fc58add011c534c2a1ff44e4918aebd HTTP/1.1" 200 13774
::1 - - [18/Apr/2024:12:40:43 +0100] "GET /phpmyadmin/tbl_sql.php?db=sqlcourse&table=moduleej&token=5fc58add011c534c2a1ff44e4918aebd&ajax_request=true&ajax_page_request=true&menuHashes=690a5e29-af67b6d0-ed152dec-6d4af18f-99316fee-3abcb5a9-e83e1977&_nocache=1713440443107856630 HTTP/1.1" 200 5376
::1 - - [18/Apr/2024:12:40:43 +0100] "GET /phpmyadmin/index.php?ajax_request=1&recent_table=1&token=5fc58add011c534c2a1ff44e4918aebd HTTP/1.1" 200 1120
::1 - - [18/Apr/2024:12:40:54 +0100] "POST /phpmyadmin/import.php HTTP/1.1" 200 206
::1 - - [18/Apr/2024:12:41:28 +0100] "GET /phpmyadmin/sql.php?server=1&db=sqlcourse&table=studentme&pos=0&token=5fc58add011c534c2a1ff44e4918aebd&ajax_request=true&ajax_page_request=true&menuHashes=690a5e29-af67b6d0-ed152dec-6d4af18f-99316fee-3abcb5a9-e83e1977&_nocache=1713440488118293471 HTTP/1.1" 200 13101
::1 - - [18/Apr/2024:12:41:28 +0100] "GET /phpmyadmin/index.php?ajax_request=1&recent_table=1&token=5fc58add011c534c2a1ff44e4918aebd HTTP/1.1" 200 1120
::1 - - [18/Apr/2024:12:41:31 +0100] "GET /phpmyadmin/tbl_sql.php?db=sqlcourse&table=studentme&token=5fc58add011c534c2a1ff44e4918aebd&ajax_request=true&ajax_page_request=true&menuHashes=690a5e29-af67b6d0-ed152dec-6d4af18f-99316fee-3abcb5a9-e83e1977&_nocache=1713440491581364571 HTTP/1.1" 200 5284
::1 - - [18/Apr/2024:12:41:31 +0100] "GET /phpmyadmin/index.php?ajax_request=1&recent_table=1&token=5fc58add011c534c2a1ff44e4918aebd HTTP/1.1" 200 1120
::1 - - [18/Apr/2024:12:44:22 +0100] "GET /phpmyadmin/sql.php?server=1&db=sqlcourse&table=student&pos=0&token=5fc58add011c534c2a1ff44e4918aebd&ajax_request=true&ajax_page_request=true&menuHashes=690a5e29-af67b6d0-ed152dec-6d4af18f-99316fee-3abcb5a9-e83e1977&_nocache=1713440662498118531 HTTP/1.1" 200 17087
::1 - - [18/Apr/2024:12:44:22 +0100] "GET /phpmyadmin/index.php?ajax_request=1&recent_table=1&token=5fc58add011c534c2a1ff44e4918aebd HTTP/1.1" 200 1120
::1 - - [18/Apr/2024:12:44:33 +0100] "GET /phpmyadmin/sql.php?server=1&db=sqlcourse&table=studentme&pos=0&token=5fc58add011c534c2a1ff44e4918aebd&ajax_request=true&ajax_page_request=true&menuHashes=690a5e29-af67b6d0-ed152dec-6d4af18f-99316fee-3abcb5a9-e83e1977&_nocache=1713440673544957305 HTTP/1.1" 200 13101
::1 - - [18/Apr/2024:12:44:33 +0100] "GET /phpmyadmin/index.php?ajax_request=1&recent_table=1&token=5fc58add011c534c2a1ff44e4918aebd HTTP/1.1" 200 1120
::1 - - [18/Apr/2024:12:46:00 +0100] "GET /phpmyadmin/tbl_sql.php?db=sqlcourse&table=studentme&token=5fc58add011c534c2a1ff44e4918aebd&ajax_request=true&ajax_page_request=true&menuHashes=690a5e29-af67b6d0-ed152dec-6d4af18f-99316fee-3abcb5a9-e83e1977&_nocache=1713440760104616431 HTTP/1.1" 200 5284
::1 - - [18/Apr/2024:12:46:00 +0100] "GET /phpmyadmin/index.php?ajax_request=1&recent_table=1&token=5fc58add011c534c2a1ff44e4918aebd HTTP/1.1" 200 1120
::1 - - [18/Apr/2024:12:48:51 +0100] "POST /phpmyadmin/import.php HTTP/1.1" 200 2591
::1 - - [18/Apr/2024:12:48:51 +0100] "POST /phpmyadmin/navigation.php?ajax_request=1&token=5fc58add011c534c2a1ff44e4918aebd HTTP/1.1" 200 13774
::1 - - [18/Apr/2024:12:48:54 +0100] "GET /phpmyadmin/sql.php?server=1&db=sqlcourse&table=studentme&pos=0&token=5fc58add011c534c2a1ff44e4918aebd&ajax_request=true&ajax_page_request=true&menuHashes=690a5e29-af67b6d0-ed152dec-6d4af18f-99316fee-3abcb5a9-e83e1977&_nocache=1713440934229272456 HTTP/1.1" 200 13221
::1 - - [18/Apr/2024:12:48:54 +0100] "GET /phpmyadmin/index.php?ajax_request=1&recent_table=1&token=5fc58add011c534c2a1ff44e4918aebd HTTP/1.1" 200 1120
::1 - - [18/Apr/2024:12:48:58 +0100] "GET /phpmyadmin/tbl_sql.php?db=sqlcourse&table=studentme&token=5fc58add011c534c2a1ff44e4918aebd&ajax_request=true&ajax_page_request=true&menuHashes=690a5e29-af67b6d0-ed152dec-6d4af18f-99316fee-3abcb5a9-e83e1977&_nocache=1713440938707562289 HTTP/1.1" 200 5344
::1 - - [18/Apr/2024:12:48:58 +0100] "GET /phpmyadmin/index.php?ajax_request=1&recent_table=1&token=5fc58add011c534c2a1ff44e4918aebd HTTP/1.1" 200 1120
::1 - - [18/Apr/2024:12:49:10 +0100] "POST /phpmyadmin/import.php HTTP/1.1" 200 353
::1 - - [18/Apr/2024:12:49:50 +0100] "POST /phpmyadmin/import.php HTTP/1.1" 200 336
::1 - - [18/Apr/2024:12:49:58 +0100] "POST /phpmyadmin/import.php HTTP/1.1" 200 334
::1 - - [18/Apr/2024:12:50:19 +0100] "POST /phpmyadmin/import.php HTTP/1.1" 200 334
::1 - - [18/Apr/2024:12:50:33 +0100] "GET /phpmyadmin/sql.php?server=1&db=sqlcourse&table=studentme&pos=0&token=5fc58add011c534c2a1ff44e4918aebd&ajax_request=true&ajax_page_request=true&menuHashes=690a5e29-af67b6d0-ed152dec-6d4af18f-99316fee-3abcb5a9-e83e1977&_nocache=171344103330415877 HTTP/1.1" 200 13221
::1 - - [18/Apr/2024:12:50:33 +0100] "GET /phpmyadmin/index.php?ajax_request=1&recent_table=1&token=5fc58add011c534c2a1ff44e4918aebd HTTP/1.1" 200 1120
::1 - - [18/Apr/2024:12:51:53 +0100] "GET /phpmyadmin/sql.php?server=1&db=sqlcourse&table=studentme&pos=0&token=5fc58add011c534c2a1ff44e4918aebd&ajax_request=true&ajax_page_request=true&menuHashes=690a5e29-af67b6d0-ed152dec-6d4af18f-99316fee-3abcb5a9-e83e1977&_nocache=1713441113904973820 HTTP/1.1" 200 13221
::1 - - [18/Apr/2024:12:51:54 +0100] "GET /phpmyadmin/index.php?ajax_request=1&recent_table=1&token=5fc58add011c534c2a1ff44e4918aebd HTTP/1.1" 200 1120
::1 - - [18/Apr/2024:12:51:56 +0100] "GET /phpmyadmin/sql.php?server=1&db=sqlcourse&table=student&pos=0&token=5fc58add011c534c2a1ff44e4918aebd&ajax_request=true&ajax_page_request=true&menuHashes=690a5e29-af67b6d0-ed152dec-6d4af18f-99316fee-3abcb5a9-e83e1977&_nocache=1713441116113392200 HTTP/1.1" 200 17087
::1 - - [18/Apr/2024:12:51:56 +0100] "GET /phpmyadmin/index.php?ajax_request=1&recent_table=1&token=5fc58add011c534c2a1ff44e4918aebd HTTP/1.1" 200 1120
::1 - - [18/Apr/2024:12:51:59 +0100] "GET /phpmyadmin/tbl_sql.php?db=sqlcourse&table=student&token=5fc58add011c534c2a1ff44e4918aebd&ajax_request=true&ajax_page_request=true&menuHashes=690a5e29-af67b6d0-ed152dec-6d4af18f-99316fee-3abcb5a9-e83e1977&_nocache=1713441119709264791 HTTP/1.1" 200 8389
::1 - - [18/Apr/2024:12:51:59 +0100] "GET /phpmyadmin/index.php?ajax_request=1&recent_table=1&token=5fc58add011c534c2a1ff44e4918aebd HTTP/1.1" 200 1120
::1 - - [18/Apr/2024:12:52:12 +0100] "GET /phpmyadmin/sql.php?server=1&db=sqlcourse&table=studentme&pos=0&token=5fc58add011c534c2a1ff44e4918aebd&ajax_request=true&ajax_page_request=true&menuHashes=af67b6d0-ed152dec-6d4af18f-99316fee-3abcb5a9-e83e1977-43f2cd8b&_nocache=1713441132505643103 HTTP/1.1" 200 16300
::1 - - [18/Apr/2024:12:52:12 +0100] "GET /phpmyadmin/index.php?ajax_request=1&recent_table=1&token=5fc58add011c534c2a1ff44e4918aebd HTTP/1.1" 200 1120
::1 - - [18/Apr/2024:12:52:14 +0100] "GET /phpmyadmin/tbl_sql.php?db=sqlcourse&table=studentme&token=5fc58add011c534c2a1ff44e4918aebd&ajax_request=true&ajax_page_request=true&menuHashes=ed152dec-6d4af18f-99316fee-3abcb5a9-e83e1977-43f2cd8b-690a5e29&_nocache=1713441134515560488 HTTP/1.1" 200 8423
::1 - - [18/Apr/2024:12:52:14 +0100] "GET /phpmyadmin/index.php?ajax_request=1&recent_table=1&token=5fc58add011c534c2a1ff44e4918aebd HTTP/1.1" 200 1120
::1 - - [18/Apr/2024:12:52:36 +0100] "POST /phpmyadmin/import.php HTTP/1.1" 200 334
::1 - - [18/Apr/2024:12:52:52 +0100] "POST /phpmyadmin/import.php HTTP/1.1" 200 336
::1 - - [18/Apr/2024:12:53:08 +0100] "GET /phpmyadmin/sql.php?server=1&db=sqlcourse&table=student&pos=0&token=5fc58add011c534c2a1ff44e4918aebd&ajax_request=true&ajax_page_request=true&menuHashes=6d4af18f-99316fee-3abcb5a9-e83e1977-43f2cd8b-690a5e29-af67b6d0&_nocache=1713441188694874658 HTTP/1.1" 200 17087
::1 - - [18/Apr/2024:12:53:08 +0100] "GET /phpmyadmin/index.php?ajax_request=1&recent_table=1&token=5fc58add011c534c2a1ff44e4918aebd HTTP/1.1" 200 1120
::1 - - [18/Apr/2024:12:53:12 +0100] "GET /phpmyadmin/tbl_sql.php?db=sqlcourse&table=student&token=5fc58add011c534c2a1ff44e4918aebd&ajax_request=true&ajax_page_request=true&menuHashes=6d4af18f-99316fee-3abcb5a9-e83e1977-43f2cd8b-690a5e29-af67b6d0&_nocache=1713441192461145406 HTTP/1.1" 200 5332
::1 - - [18/Apr/2024:12:53:12 +0100] "GET /phpmyadmin/index.php?ajax_request=1&recent_table=1&token=5fc58add011c534c2a1ff44e4918aebd HTTP/1.1" 200 1120
::1 - - [18/Apr/2024:12:53:18 +0100] "POST /phpmyadmin/import.php HTTP/1.1" 200 335
::1 - - [18/Apr/2024:13:10:23 +0100] "POST /phpmyadmin/import.php HTTP/1.1" 200 335
::1 - - [18/Apr/2024:13:12:58 +0100] "POST /phpmyadmin/import.php HTTP/1.1" 200 337
::1 - - [18/Apr/2024:13:13:15 +0100] "POST /phpmyadmin/import.php HTTP/1.1" 200 335
::1 - - [18/Apr/2024:13:13:25 +0100] "POST /phpmyadmin/import.php HTTP/1.1" 200 339
::1 - - [18/Apr/2024:13:13:35 +0100] "POST /phpmyadmin/import.php HTTP/1.1" 200 328
::1 - - [18/Apr/2024:13:13:47 +0100] "POST /phpmyadmin/import.php HTTP/1.1" 200 328
::1 - - [18/Apr/2024:13:14:36 +0100] "POST /phpmyadmin/import.php HTTP/1.1" 200 12180
::1 - - [18/Apr/2024:13:14:51 +0100] "GET /phpmyadmin/tbl_sql.php?db=sqlcourse&table=student&token=5fc58add011c534c2a1ff44e4918aebd&ajax_request=true&ajax_page_request=true&menuHashes=6d4af18f-99316fee-3abcb5a9-e83e1977-43f2cd8b-690a5e29-af67b6d0&_nocache=1713442491126391609 HTTP/1.1" 200 5332
::1 - - [18/Apr/2024:13:14:51 +0100] "GET /phpmyadmin/index.php?ajax_request=1&recent_table=1&token=5fc58add011c534c2a1ff44e4918aebd HTTP/1.1" 200 1120
::1 - - [18/Apr/2024:13:15:40 +0100] "GET /phpmyadmin/sql.php?server=1&db=sqlcourse&table=student&pos=0&token=5fc58add011c534c2a1ff44e4918aebd&ajax_request=true&ajax_page_request=true&menuHashes=6d4af18f-99316fee-3abcb5a9-e83e1977-43f2cd8b-690a5e29-af67b6d0&_nocache=1713442540737586510 HTTP/1.1" 200 17087
::1 - - [18/Apr/2024:13:15:41 +0100] "GET /phpmyadmin/index.php?ajax_request=1&recent_table=1&token=5fc58add011c534c2a1ff44e4918aebd HTTP/1.1" 200 1120
::1 - - [18/Apr/2024:13:15:42 +0100] "GET /phpmyadmin/sql.php?server=1&db=sqlcourse&table=studentme&pos=0&token=5fc58add011c534c2a1ff44e4918aebd&ajax_request=true&ajax_page_request=true&menuHashes=6d4af18f-99316fee-3abcb5a9-e83e1977-43f2cd8b-690a5e29-af67b6d0&_nocache=1713442542915269371 HTTP/1.1" 200 13221
::1 - - [18/Apr/2024:13:15:43 +0100] "GET /phpmyadmin/index.php?ajax_request=1&recent_table=1&token=5fc58add011c534c2a1ff44e4918aebd HTTP/1.1" 200 1120
::1 - - [18/Apr/2024:13:15:46 +0100] "GET /phpmyadmin/sql.php?server=1&db=sqlcourse&table=student&pos=0&token=5fc58add011c534c2a1ff44e4918aebd&ajax_request=true&ajax_page_request=true&menuHashes=6d4af18f-99316fee-3abcb5a9-e83e1977-43f2cd8b-690a5e29-af67b6d0&_nocache=1713442546978506536 HTTP/1.1" 200 17087
::1 - - [18/Apr/2024:13:15:47 +0100] "GET /phpmyadmin/index.php?ajax_request=1&recent_table=1&token=5fc58add011c534c2a1ff44e4918aebd HTTP/1.1" 200 1120
::1 - - [18/Apr/2024:13:15:49 +0100] "GET /phpmyadmin/sql.php?server=1&db=sqlcourse&table=studentme&pos=0&token=5fc58add011c534c2a1ff44e4918aebd&ajax_request=true&ajax_page_request=true&menuHashes=6d4af18f-99316fee-3abcb5a9-e83e1977-43f2cd8b-690a5e29-af67b6d0&_nocache=1713442549710475177 HTTP/1.1" 200 13221
::1 - - [18/Apr/2024:13:15:49 +0100] "GET /phpmyadmin/index.php?ajax_request=1&recent_table=1&token=5fc58add011c534c2a1ff44e4918aebd HTTP/1.1" 200 1120
::1 - - [18/Apr/2024:13:15:53 +0100] "GET /phpmyadmin/tbl_sql.php?db=sqlcourse&table=studentme&token=5fc58add011c534c2a1ff44e4918aebd&ajax_request=true&ajax_page_request=true&menuHashes=6d4af18f-99316fee-3abcb5a9-e83e1977-43f2cd8b-690a5e29-af67b6d0&_nocache=1713442553314367992 HTTP/1.1" 200 5344
::1 - - [18/Apr/2024:13:15:53 +0100] "GET /phpmyadmin/index.php?ajax_request=1&recent_table=1&token=5fc58add011c534c2a1ff44e4918aebd HTTP/1.1" 200 1120
::1 - - [18/Apr/2024:13:17:02 +0100] "POST /phpmyadmin/import.php HTTP/1.1" 200 205
::1 - - [18/Apr/2024:14:09:36 +0100] "POST /phpmyadmin/import.php HTTP/1.1" 200 292
::1 - - [18/Apr/2024:14:09:43 +0100] "POST /phpmyadmin/import.php HTTP/1.1" 200 8251
::1 - - [18/Apr/2024:14:09:43 +0100] "GET /phpmyadmin/js/get_scripts.js.php?scripts[]=jquery/jquery-1.8.3.js&scripts[]=ajax.js&scripts[]=keyhandler.js&scripts[]=jquery/jquery-ui-1.9.2.custom.js&scripts[]=jquery/jquery.sprintf.js&scripts[]=jquery/jquery.cookie.js&scripts[]=jquery/jquery.mousewheel.js&scripts[]=jquery/jquery.event.drag-2.2.js&scripts[]=jquery/jquery-ui-timepicker-addon.js&scripts[]=jquery/jquery.ba-hashchange-1.3.js&scripts[]=jquery/jquery.debounce-1.0.5.js&scripts[]=jquery/jquery.menuResizer-1.0.js&scripts[]=rte.js&scripts[]=functions.js&scripts[]=navigation.js&scripts[]=indexes.js&scripts[]=common.js&scripts[]=codemirror/lib/codemirror.js&scripts[]=codemirror/mode/mysql/mysql.js HTTP/1.1" 200 578562
::1 - - [18/Apr/2024:14:09:43 +0100] "GET /phpmyadmin/phpmyadmin.css.php?server=1&token=5fc58add011c534c2a1ff44e4918aebd&nocache=4125195912ltr HTTP/1.1" 200 88608
::1 - - [18/Apr/2024:14:09:43 +0100] "GET /phpmyadmin/js/get_image.js.php?theme=pmahomme HTTP/1.1" 200 6263
::1 - - [18/Apr/2024:14:09:44 +0100] "GET /phpmyadmin/tbl_sql.php?db=sqlcourse&table=studentme&server=1&target=&token=5fc58add011c534c2a1ff44e4918aebd HTTP/1.1" 200 8217
::1 - - [18/Apr/2024:14:09:46 +0100] "POST /phpmyadmin/index.php HTTP/1.1" 302 -
::1 - - [18/Apr/2024:14:09:46 +0100] "GET /phpmyadmin/index.php?db=sqlcourse&table=studentme&target=tbl_sql.php&token=5fc58add011c534c2a1ff44e4918aebd HTTP/1.1" 200 16122
::1 - - [18/Apr/2024:14:09:46 +0100] "GET /phpmyadmin/js/get_scripts.js.php?scripts[]=jquery/jquery-1.8.3.js&scripts[]=ajax.js&scripts[]=keyhandler.js&scripts[]=jquery/jquery-ui-1.9.2.custom.js&scripts[]=jquery/jquery.sprintf.js&scripts[]=jquery/jquery.cookie.js&scripts[]=jquery/jquery.mousewheel.js&scripts[]=jquery/jquery.event.drag-2.2.js&scripts[]=jquery/jquery-ui-timepicker-addon.js&scripts[]=jquery/jquery.ba-hashchange-1.3.js&scripts[]=jquery/jquery.debounce-1.0.5.js&scripts[]=jquery/jquery.menuResizer-1.0.js&scripts[]=rte.js&scripts[]=functions.js&scripts[]=navigation.js&scripts[]=indexes.js&scripts[]=common.js&scripts[]=makegrid.js&scripts[]=sql.js&scripts[]=codemirror/lib/codemirror.js&scripts[]=codemirror/mode/mysql/mysql.js HTTP/1.1" 200 613661
::1 - - [18/Apr/2024:14:09:46 +0100] "GET /phpmyadmin/phpmyadmin.css.php?server=1&token=5fc58add011c534c2a1ff44e4918aebd&nocache=5838627142ltr HTTP/1.1" 200 88608
::1 - - [18/Apr/2024:14:09:46 +0100] "GET /phpmyadmin/index.php?ajax_request=1&recent_table=1&token=5fc58add011c534c2a1ff44e4918aebd HTTP/1.1" 200 1120
::1 - - [18/Apr/2024:14:09:54 +0100] "POST /phpmyadmin/import.php HTTP/1.1" 200 2605
::1 - - [18/Apr/2024:14:09:55 +0100] "POST /phpmyadmin/navigation.php?ajax_request=1&token=5fc58add011c534c2a1ff44e4918aebd HTTP/1.1" 200 1293
::1 - - [18/Apr/2024:14:09:58 +0100] "GET /phpmyadmin/navigation.php?ajax_request=1&token=5fc58add011c534c2a1ff44e4918aebd&aPath=cm9vdA%3D%3D.c3FsY291cnNl&vPath=cm9vdA%3D%3D.c3FsY291cnNl&pos=0&pos2_name=&pos2_value=&searchClause=&searchClause2=&_nocache=1713445798433253989 HTTP/1.1" 200 12425
::1 - - [18/Apr/2024:14:10:00 +0100] "GET /phpmyadmin/sql.php?server=1&db=sqlcourse&table=studentme&pos=0&token=5fc58add011c534c2a1ff44e4918aebd&ajax_request=true&ajax_page_request=true&menuHashes=2ffae756&_nocache=171344580048763281 HTTP/1.1" 200 16294
::1 - - [18/Apr/2024:14:10:00 +0100] "GET /phpmyadmin/js/get_scripts.js.php?scripts[]=tbl_change.js&scripts[]=tbl_structure.js&scripts[]=gis_data_editor.js HTTP/1.1" 200 22203
::1 - - [18/Apr/2024:14:10:00 +0100] "GET /phpmyadmin/index.php?ajax_request=1&recent_table=1&token=5fc58add011c534c2a1ff44e4918aebd HTTP/1.1" 200 1120
::1 - - [18/Apr/2024:14:11:13 +0100] "GET /phpmyadmin/tbl_sql.php?db=sqlcourse&table=studentme&token=5fc58add011c534c2a1ff44e4918aebd&ajax_request=true&ajax_page_request=true&menuHashes=2ffae756-690a5e29&_nocache=1713445873027564344 HTTP/1.1" 200 8423
::1 - - [18/Apr/2024:14:11:13 +0100] "GET /phpmyadmin/index.php?ajax_request=1&recent_table=1&token=5fc58add011c534c2a1ff44e4918aebd HTTP/1.1" 200 1120
::1 - - [18/Apr/2024:14:12:46 +0100] "POST /phpmyadmin/import.php HTTP/1.1" 200 182
::1 - - [18/Apr/2024:14:12:55 +0100] "POST /phpmyadmin/import.php HTTP/1.1" 200 2441
::1 - - [18/Apr/2024:14:12:58 +0100] "GET /phpmyadmin/sql.php?server=1&db=sqlcourse&table=studentme&pos=0&token=5fc58add011c534c2a1ff44e4918aebd&ajax_request=true&ajax_page_request=true&menuHashes=2ffae756-690a5e29-af67b6d0&_nocache=1713445978568771986 HTTP/1.1" 200 13215
::1 - - [18/Apr/2024:14:12:58 +0100] "GET /phpmyadmin/index.php?ajax_request=1&recent_table=1&token=5fc58add011c534c2a1ff44e4918aebd HTTP/1.1" 200 1120
::1 - - [18/Apr/2024:14:13:56 +0100] "GET /phpmyadmin/sql.php?server=1&db=sqlcourse&table=student&pos=0&token=5fc58add011c534c2a1ff44e4918aebd&ajax_request=true&ajax_page_request=true&menuHashes=2ffae756-690a5e29-af67b6d0&_nocache=171344603679756086 HTTP/1.1" 200 20144
::1 - - [18/Apr/2024:14:13:57 +0100] "GET /phpmyadmin/index.php?ajax_request=1&recent_table=1&token=5fc58add011c534c2a1ff44e4918aebd HTTP/1.1" 200 1120
::1 - - [18/Apr/2024:14:13:58 +0100] "GET /phpmyadmin/tbl_sql.php?db=sqlcourse&table=student&token=5fc58add011c534c2a1ff44e4918aebd&ajax_request=true&ajax_page_request=true&menuHashes=2ffae756-690a5e29-af67b6d0-6d4af18f&_nocache=1713446038933679585 HTTP/1.1" 200 8389
::1 - - [18/Apr/2024:14:13:59 +0100] "GET /phpmyadmin/index.php?ajax_request=1&recent_table=1&token=5fc58add011c534c2a1ff44e4918aebd HTTP/1.1" 200 1120
::1 - - [18/Apr/2024:14:17:02 +0100] "POST /phpmyadmin/import.php HTTP/1.1" 200 317
::1 - - [18/Apr/2024:14:17:16 +0100] "POST /phpmyadmin/import.php HTTP/1.1" 200 190
::1 - - [18/Apr/2024:14:18:25 +0100] "POST /phpmyadmin/import.php HTTP/1.1" 200 190
::1 - - [18/Apr/2024:14:18:40 +0100] "POST /phpmyadmin/import.php HTTP/1.1" 200 190
::1 - - [18/Apr/2024:14:18:49 +0100] "GET /phpmyadmin/url.php?url=http%3A%2F%2Fdev.mysql.com%2Fdoc%2Frefman%2F5.6%2Fen%2Fselect.html&token=5fc58add011c534c2a1ff44e4918aebd HTTP/1.1" 302 11947
::1 - - [18/Apr/2024:14:19:41 +0100] "POST /phpmyadmin/import.php HTTP/1.1" 200 190
::1 - - [18/Apr/2024:14:24:50 +0100] "POST /phpmyadmin/import.php HTTP/1.1" 200 485
::1 - - [18/Apr/2024:14:25:46 +0100] "POST /phpmyadmin/import.php HTTP/1.1" 200 466
::1 - - [18/Apr/2024:14:26:03 +0100] "POST /phpmyadmin/import.php HTTP/1.1" 200 468
::1 - - [18/Apr/2024:14:27:20 +0100] "POST /phpmyadmin/import.php HTTP/1.1" 200 434
::1 - - [18/Apr/2024:14:28:18 +0100] "POST /phpmyadmin/import.php HTTP/1.1" 200 389
::1 - - [18/Apr/2024:14:28:40 +0100] "POST /phpmyadmin/import.php HTTP/1.1" 200 389
::1 - - [18/Apr/2024:14:29:13 +0100] "POST /phpmyadmin/import.php HTTP/1.1" 200 389
::1 - - [18/Apr/2024:14:29:32 +0100] "POST /phpmyadmin/import.php HTTP/1.1" 200 389
::1 - - [18/Apr/2024:14:29:44 +0100] "POST /phpmyadmin/import.php HTTP/1.1" 200 393
::1 - - [18/Apr/2024:14:30:03 +0100] "POST /phpmyadmin/import.php HTTP/1.1" 200 323
::1 - - [18/Apr/2024:14:30:19 +0100] "POST /phpmyadmin/import.php HTTP/1.1" 200 180
::1 - - [18/Apr/2024:14:30:31 +0100] "GET /phpmyadmin/url.php?url=http%3A%2F%2Fdev.mysql.com%2Fdoc%2Frefman%2F5.6%2Fen%2Fselect.html&token=5fc58add011c534c2a1ff44e4918aebd HTTP/1.1" 302 11947
::1 - - [18/Apr/2024:14:32:08 +0100] "GET /phpmyadmin/sql.php?server=1&db=sqlcourse&table=module&pos=0&token=5fc58add011c534c2a1ff44e4918aebd&ajax_request=true&ajax_page_request=true&menuHashes=2ffae756-690a5e29-af67b6d0-6d4af18f-43f2cd8b&_nocache=1713447128563649815 HTTP/1.1" 200 24572
::1 - - [18/Apr/2024:14:32:08 +0100] "GET /phpmyadmin/index.php?ajax_request=1&recent_table=1&token=5fc58add011c534c2a1ff44e4918aebd HTTP/1.1" 200 1120
::1 - - [18/Apr/2024:14:32:19 +0100] "GET /phpmyadmin/sql.php?server=1&db=sqlcourse&table=student&pos=0&token=5fc58add011c534c2a1ff44e4918aebd&ajax_request=true&ajax_page_request=true&menuHashes=2ffae756-690a5e29-af67b6d0-6d4af18f-43f2cd8b-3abcb5a9&_nocache=1713447139127488264 HTTP/1.1" 200 17087
::1 - - [18/Apr/2024:14:32:19 +0100] "GET /phpmyadmin/index.php?ajax_request=1&recent_table=1&token=5fc58add011c534c2a1ff44e4918aebd HTTP/1.1" 200 1120
::1 - - [18/Apr/2024:14:32:23 +0100] "GET /phpmyadmin/tbl_sql.php?db=sqlcourse&table=student&token=5fc58add011c534c2a1ff44e4918aebd&ajax_request=true&ajax_page_request=true&menuHashes=2ffae756-690a5e29-af67b6d0-6d4af18f-43f2cd8b-3abcb5a9&_nocache=1713447143536477068 HTTP/1.1" 200 5332
::1 - - [18/Apr/2024:14:32:23 +0100] "GET /phpmyadmin/index.php?ajax_request=1&recent_table=1&token=5fc58add011c534c2a1ff44e4918aebd HTTP/1.1" 200 1120
::1 - - [18/Apr/2024:14:34:37 +0100] "POST /phpmyadmin/import.php HTTP/1.1" 200 201
::1 - - [18/Apr/2024:14:34:46 +0100] "POST /phpmyadmin/import.php HTTP/1.1" 200 2434
::1 - - [18/Apr/2024:14:34:46 +0100] "POST /phpmyadmin/navigation.php?ajax_request=1&token=5fc58add011c534c2a1ff44e4918aebd HTTP/1.1" 200 13774
::1 - - [18/Apr/2024:14:34:50 +0100] "GET /phpmyadmin/tbl_sql.php?db=sqlcourse&table=student&token=5fc58add011c534c2a1ff44e4918aebd&ajax_request=true&ajax_page_request=true&menuHashes=2ffae756-690a5e29-af67b6d0-6d4af18f-43f2cd8b-3abcb5a9&_nocache=1713447290464143968 HTTP/1.1" 200 5332
::1 - - [18/Apr/2024:14:34:50 +0100] "GET /phpmyadmin/index.php?ajax_request=1&recent_table=1&token=5fc58add011c534c2a1ff44e4918aebd HTTP/1.1" 200 1120
::1 - - [18/Apr/2024:14:35:01 +0100] "POST /phpmyadmin/import.php HTTP/1.1" 200 8643
::1 - - [18/Apr/2024:14:35:05 +0100] "GET /phpmyadmin/sql.php?server=1&db=sqlcourse&table=studentme&pos=0&token=5fc58add011c534c2a1ff44e4918aebd&ajax_request=true&ajax_page_request=true&menuHashes=2ffae756-690a5e29-af67b6d0-6d4af18f-43f2cd8b-3abcb5a9&_nocache=1713447305968504628 HTTP/1.1" 200 26878
::1 - - [18/Apr/2024:14:35:06 +0100] "GET /phpmyadmin/index.php?ajax_request=1&recent_table=1&token=5fc58add011c534c2a1ff44e4918aebd HTTP/1.1" 200 1120
::1 - - [18/Apr/2024:15:36:56 +0100] "GET /phpmyadmin/tbl_change.php?db=sqlcourse&table=studentme&where_clause=%60studentme%60.%60studentno%60+%3D+%27123%27&clause_is_unique=1&sql_query=SELECT+%2A+FROM+%60studentme%60&goto=sql.php&default_action=update&token=5fc58add011c534c2a1ff44e4918aebd&ajax_request=true&ajax_page_request=true&menuHashes=2ffae756-690a5e29-af67b6d0-6d4af18f-43f2cd8b-3abcb5a9&_nocache=1713451015988712030 HTTP/1.1" 200 292
::1 - - [18/Apr/2024:15:36:58 +0100] "GET /phpmyadmin/index.php?db=sqlcourse&table=studentme&target=tbl_sql.php&token=5fc58add011c534c2a1ff44e4918aebd HTTP/1.1" 200 8252
::1 - - [18/Apr/2024:15:36:58 +0100] "GET /phpmyadmin/js/get_scripts.js.php?scripts[]=jquery/jquery-1.8.3.js&scripts[]=ajax.js&scripts[]=keyhandler.js&scripts[]=jquery/jquery-ui-1.9.2.custom.js&scripts[]=jquery/jquery.sprintf.js&scripts[]=jquery/jquery.cookie.js&scripts[]=jquery/jquery.mousewheel.js&scripts[]=jquery/jquery.event.drag-2.2.js&scripts[]=jquery/jquery-ui-timepicker-addon.js&scripts[]=jquery/jquery.ba-hashchange-1.3.js&scripts[]=jquery/jquery.debounce-1.0.5.js&scripts[]=jquery/jquery.menuResizer-1.0.js&scripts[]=rte.js&scripts[]=functions.js&scripts[]=navigation.js&scripts[]=indexes.js&scripts[]=common.js&scripts[]=codemirror/lib/codemirror.js&scripts[]=codemirror/mode/mysql/mysql.js HTTP/1.1" 200 578562
::1 - - [18/Apr/2024:15:36:58 +0100] "GET /phpmyadmin/js/messages.php?lang=en&db=sqlcourse&server=0&token=5fc58add011c534c2a1ff44e4918aebd HTTP/1.1" 200 16674
::1 - - [18/Apr/2024:15:36:58 +0100] "GET /phpmyadmin/sql.php?db=sqlcourse&table=studentme&server=1&target=&token=5fc58add011c534c2a1ff44e4918aebd HTTP/1.1" 200 8213
::1 - - [18/Apr/2024:15:36:58 +0100] "GET /phpmyadmin/js/messages.php?lang=en&db=sqlcourse&token=5fc58add011c534c2a1ff44e4918aebd HTTP/1.1" 200 16674
::1 - - [18/Apr/2024:15:37:00 +0100] "POST /phpmyadmin/index.php HTTP/1.1" 302 -
::1 - - [18/Apr/2024:15:37:00 +0100] "GET /phpmyadmin/index.php?db=sqlcourse&table=studentme&target=sql.php&token=5fc58add011c534c2a1ff44e4918aebd HTTP/1.1" 200 37118
::1 - - [18/Apr/2024:15:37:00 +0100] "GET /phpmyadmin/js/get_scripts.js.php?scripts[]=jquery/jquery-1.8.3.js&scripts[]=ajax.js&scripts[]=keyhandler.js&scripts[]=jquery/jquery-ui-1.9.2.custom.js&scripts[]=jquery/jquery.sprintf.js&scripts[]=jquery/jquery.cookie.js&scripts[]=jquery/jquery.mousewheel.js&scripts[]=jquery/jquery.event.drag-2.2.js&scripts[]=jquery/jquery-ui-timepicker-addon.js&scripts[]=jquery/jquery.ba-hashchange-1.3.js&scripts[]=jquery/jquery.debounce-1.0.5.js&scripts[]=jquery/jquery.menuResizer-1.0.js&scripts[]=rte.js&scripts[]=functions.js&scripts[]=navigation.js&scripts[]=indexes.js&scripts[]=common.js&scripts[]=tbl_change.js&scripts[]=tbl_structure.js&scripts[]=gis_data_editor.js&scripts[]=makegrid.js&scripts[]=sql.js&scripts[]=codemirror/lib/codemirror.js&scripts[]=codemirror/mode/mysql/mysql.js HTTP/1.1" 200 635864
::1 - - [18/Apr/2024:15:37:00 +0100] "GET /phpmyadmin/index.php?ajax_request=1&recent_table=1&token=5fc58add011c534c2a1ff44e4918aebd HTTP/1.1" 200 1120
::1 - - [18/Apr/2024:15:37:03 +0100] "GET /phpmyadmin/tbl_change.php?db=sqlcourse&table=studentme&where_clause=%60studentme%60.%60studentno%60+%3D+%27123%27&clause_is_unique=1&sql_query=SELECT+%2A+FROM+%60studentme%60&goto=sql.php&default_action=update&token=5fc58add011c534c2a1ff44e4918aebd&ajax_request=true&ajax_page_request=true&menuHashes=2ffae756&_nocache=1713451023198758449 HTTP/1.1" 200 29036
::1 - - [18/Apr/2024:15:37:03 +0100] "GET /phpmyadmin/index.php?ajax_request=1&recent_table=1&token=5fc58add011c534c2a1ff44e4918aebd HTTP/1.1" 200 1120
::1 - - [18/Apr/2024:15:37:44 +0100] "GET /phpmyadmin/tbl_sql.php?db=sqlcourse&table=studentme&token=5fc58add011c534c2a1ff44e4918aebd&ajax_request=true&ajax_page_request=true&menuHashes=2ffae756-1d2b4250&_nocache=1713451064854945761 HTTP/1.1" 200 8423
::1 - - [18/Apr/2024:15:37:45 +0100] "GET /phpmyadmin/index.php?ajax_request=1&recent_table=1&token=5fc58add011c534c2a1ff44e4918aebd HTTP/1.1" 200 1120
::1 - - [18/Apr/2024:15:44:05 +0100] "POST /phpmyadmin/import.php HTTP/1.1" 200 210
::1 - - [18/Apr/2024:15:44:20 +0100] "POST /phpmyadmin/import.php HTTP/1.1" 200 334
::1 - - [18/Apr/2024:15:46:38 +0100] "POST /phpmyadmin/import.php HTTP/1.1" 200 334
::1 - - [18/Apr/2024:15:46:50 +0100] "POST /phpmyadmin/import.php HTTP/1.1" 200 321
::1 - - [18/Apr/2024:15:47:06 +0100] "POST /phpmyadmin/import.php HTTP/1.1" 200 298
::1 - - [18/Apr/2024:15:47:12 +0100] "GET /phpmyadmin/navigation.php?ajax_request=1&token=5fc58add011c534c2a1ff44e4918aebd&aPath=cm9vdA%3D%3D.c3FsY291cnNl&vPath=cm9vdA%3D%3D.c3FsY291cnNl&pos=0&pos2_name=&pos2_value=&searchClause=&searchClause2=&_nocache=1713451632171789793 HTTP/1.1" 200 12425
::1 - - [18/Apr/2024:15:48:08 +0100] "POST /phpmyadmin/import.php HTTP/1.1" 200 326
::1 - - [18/Apr/2024:15:48:40 +0100] "POST /phpmyadmin/import.php HTTP/1.1" 200 326
::1 - - [18/Apr/2024:15:50:33 +0100] "POST /phpmyadmin/import.php HTTP/1.1" 200 213
::1 - - [18/Apr/2024:15:50:42 +0100] "POST /phpmyadmin/import.php HTTP/1.1" 200 208
::1 - - [18/Apr/2024:15:51:34 +0100] "POST /phpmyadmin/import.php HTTP/1.1" 200 2077
::1 - - [18/Apr/2024:15:51:34 +0100] "POST /phpmyadmin/navigation.php?ajax_request=1&token=5fc58add011c534c2a1ff44e4918aebd HTTP/1.1" 200 13774
::1 - - [18/Apr/2024:15:51:36 +0100] "GET /phpmyadmin/sql.php?server=1&db=sqlcourse&table=studentme&pos=0&token=5fc58add011c534c2a1ff44e4918aebd&ajax_request=true&ajax_page_request=true&menuHashes=2ffae756-1d2b4250-af67b6d0&_nocache=1713451896548493189 HTTP/1.1" 200 29399
::1 - - [18/Apr/2024:15:51:36 +0100] "GET /phpmyadmin/index.php?ajax_request=1&recent_table=1&token=5fc58add011c534c2a1ff44e4918aebd HTTP/1.1" 200 1120
::1 - - [18/Apr/2024:15:52:14 +0100] "GET /phpmyadmin/tbl_sql.php?db=sqlcourse&table=studentme&token=5fc58add011c534c2a1ff44e4918aebd&ajax_request=true&ajax_page_request=true&menuHashes=2ffae756-1d2b4250-af67b6d0-690a5e29&_nocache=1713451934277882535 HTTP/1.1" 200 5290
::1 - - [18/Apr/2024:15:52:14 +0100] "GET /phpmyadmin/index.php?ajax_request=1&recent_table=1&token=5fc58add011c534c2a1ff44e4918aebd HTTP/1.1" 200 1120
::1 - - [18/Apr/2024:15:52:37 +0100] "POST /phpmyadmin/import.php HTTP/1.1" 200 2710
::1 - - [18/Apr/2024:15:52:38 +0100] "POST /phpmyadmin/navigation.php?ajax_request=1&token=5fc58add011c534c2a1ff44e4918aebd HTTP/1.1" 200 13774
::1 - - [18/Apr/2024:15:52:40 +0100] "GET /phpmyadmin/sql.php?server=1&db=sqlcourse&table=studentme&pos=0&token=5fc58add011c534c2a1ff44e4918aebd&ajax_request=true&ajax_page_request=true&menuHashes=2ffae756-1d2b4250-af67b6d0-690a5e29&_nocache=17134519607181403 HTTP/1.1" 200 27076
::1 - - [18/Apr/2024:15:52:41 +0100] "GET /phpmyadmin/index.php?ajax_request=1&recent_table=1&token=5fc58add011c534c2a1ff44e4918aebd HTTP/1.1" 200 1120
::1 - - [18/Apr/2024:15:54:25 +0100] "GET /phpmyadmin/tbl_sql.php?db=sqlcourse&table=studentme&token=5fc58add011c534c2a1ff44e4918aebd&ajax_request=true&ajax_page_request=true&menuHashes=2ffae756-1d2b4250-af67b6d0-690a5e29&_nocache=1713452065554877909 HTTP/1.1" 200 5344
::1 - - [18/Apr/2024:15:54:25 +0100] "GET /phpmyadmin/index.php?ajax_request=1&recent_table=1&token=5fc58add011c534c2a1ff44e4918aebd HTTP/1.1" 200 1120
::1 - - [18/Apr/2024:15:55:51 +0100] "POST /phpmyadmin/import.php HTTP/1.1" 200 183
::1 - - [18/Apr/2024:15:56:01 +0100] "POST /phpmyadmin/import.php HTTP/1.1" 200 3074
::1 - - [18/Apr/2024:15:56:04 +0100] "GET /phpmyadmin/sql.php?server=1&db=sqlcourse&table=studentme&pos=0&token=5fc58add011c534c2a1ff44e4918aebd&ajax_request=true&ajax_page_request=true&menuHashes=2ffae756-1d2b4250-af67b6d0-690a5e29&_nocache=1713452164854541536 HTTP/1.1" 200 27077
::1 - - [18/Apr/2024:15:56:05 +0100] "GET /phpmyadmin/index.php?ajax_request=1&recent_table=1&token=5fc58add011c534c2a1ff44e4918aebd HTTP/1.1" 200 1120
::1 - - [18/Apr/2024:15:57:11 +0100] "GET /phpmyadmin/tbl_sql.php?db=sqlcourse&table=studentme&token=5fc58add011c534c2a1ff44e4918aebd&ajax_request=true&ajax_page_request=true&menuHashes=2ffae756-1d2b4250-af67b6d0-690a5e29&_nocache=1713452231411148166 HTTP/1.1" 200 5344
::1 - - [18/Apr/2024:15:57:11 +0100] "GET /phpmyadmin/index.php?ajax_request=1&recent_table=1&token=5fc58add011c534c2a1ff44e4918aebd HTTP/1.1" 200 1120
::1 - - [18/Apr/2024:15:59:54 +0100] "POST /phpmyadmin/import.php HTTP/1.1" 200 354
::1 - - [18/Apr/2024:16:00:11 +0100] "POST /phpmyadmin/import.php HTTP/1.1" 200 3114
::1 - - [18/Apr/2024:16:00:13 +0100] "GET /phpmyadmin/sql.php?server=1&db=sqlcourse&table=studentme&pos=0&token=5fc58add011c534c2a1ff44e4918aebd&ajax_request=true&ajax_page_request=true&menuHashes=2ffae756-1d2b4250-af67b6d0-690a5e29&_nocache=1713452413721791553 HTTP/1.1" 200 27080
::1 - - [18/Apr/2024:16:00:14 +0100] "GET /phpmyadmin/index.php?ajax_request=1&recent_table=1&token=5fc58add011c534c2a1ff44e4918aebd HTTP/1.1" 200 1120
::1 - - [18/Apr/2024:16:00:21 +0100] "GET /phpmyadmin/tbl_sql.php?db=sqlcourse&table=studentme&token=5fc58add011c534c2a1ff44e4918aebd&ajax_request=true&ajax_page_request=true&menuHashes=2ffae756-1d2b4250-af67b6d0-690a5e29&_nocache=1713452421668176726 HTTP/1.1" 200 5344
::1 - - [18/Apr/2024:16:00:22 +0100] "GET /phpmyadmin/index.php?ajax_request=1&recent_table=1&token=5fc58add011c534c2a1ff44e4918aebd HTTP/1.1" 200 1120
::1 - - [18/Apr/2024:16:01:00 +0100] "POST /phpmyadmin/import.php HTTP/1.1" 200 3114
::1 - - [18/Apr/2024:16:01:03 +0100] "GET /phpmyadmin/sql.php?server=1&db=sqlcourse&table=studentme&pos=0&token=5fc58add011c534c2a1ff44e4918aebd&ajax_request=true&ajax_page_request=true&menuHashes=2ffae756-1d2b4250-af67b6d0-690a5e29&_nocache=1713452463507382765 HTTP/1.1" 200 27083
::1 - - [18/Apr/2024:16:01:03 +0100] "GET /phpmyadmin/index.php?ajax_request=1&recent_table=1&token=5fc58add011c534c2a1ff44e4918aebd HTTP/1.1" 200 1120
::1 - - [18/Apr/2024:16:01:21 +0100] "GET /phpmyadmin/themes/pmahomme/jquery/images/ui-bg_flat_75_ffffff_40x100.png HTTP/1.1" 200 178
::1 - - [18/Apr/2024:16:01:21 +0100] "GET /phpmyadmin/themes/pmahomme/jquery/images/ui-icons_222222_256x240.png HTTP/1.1" 200 4369
::1 - - [18/Apr/2024:16:01:21 +0100] "GET /phpmyadmin/themes/pmahomme/jquery/images/ui-bg_glass_75_e6e6e6_1x400.png HTTP/1.1" 200 110
::1 - - [18/Apr/2024:16:01:21 +0100] "GET /phpmyadmin/themes/pmahomme/jquery/images/ui-bg_highlight-soft_75_cccccc_1x100.png HTTP/1.1" 200 101
::1 - - [18/Apr/2024:16:01:21 +0100] "GET /phpmyadmin/themes/pmahomme/jquery/images/ui-bg_glass_75_dadada_1x400.png HTTP/1.1" 200 159
::1 - - [18/Apr/2024:16:01:21 +0100] "GET /phpmyadmin/themes/pmahomme/jquery/images/ui-bg_flat_0_aaaaaa_40x100.png HTTP/1.1" 200 180
::1 - - [18/Apr/2024:16:01:23 +0100] "GET /phpmyadmin/themes/pmahomme/jquery/images/ui-bg_glass_65_ffffff_1x400.png HTTP/1.1" 200 105
::1 - - [18/Apr/2024:16:01:23 +0100] "GET /phpmyadmin/sql.php?db=sqlcourse&table=studentme&sql_query=DELETE+FROM+%60sqlcourse%60.%60studentme%60+WHERE+%60studentme%60.%60studentno%60+%3D+%27123%27&message_to_show=The+row+has+been+deleted&goto=sql.php%3Fdb%3Dsqlcourse%26table%3Dstudentme%26sql_query%3DSELECT%2B%252A%2BFROM%2B%2560studentme%2560%26message_to_show%3DThe%2Brow%2Bhas%2Bbeen%2Bdeleted%26goto%3Dtbl_sql.php%26token%3D5fc58add011c534c2a1ff44e4918aebd&token=5fc58add011c534c2a1ff44e4918aebd&ajax_request=true&is_js_confirmed=true&_nocache=171345248378783066 HTTP/1.1" 200 2656
::1 - - [18/Apr/2024:16:01:27 +0100] "GET /phpmyadmin/sql.php?server=1&db=sqlcourse&table=studentme&pos=0&token=5fc58add011c534c2a1ff44e4918aebd&ajax_request=true&ajax_page_request=true&menuHashes=2ffae756-1d2b4250-af67b6d0-690a5e29&_nocache=1713452487184831453 HTTP/1.1" 200 24484
::1 - - [18/Apr/2024:16:01:27 +0100] "GET /phpmyadmin/index.php?ajax_request=1&recent_table=1&token=5fc58add011c534c2a1ff44e4918aebd HTTP/1.1" 200 1120
::1 - - [18/Apr/2024:16:02:58 +0100] "GET /phpmyadmin/tbl_sql.php?db=sqlcourse&table=studentme&token=5fc58add011c534c2a1ff44e4918aebd&ajax_request=true&ajax_page_request=true&menuHashes=2ffae756-1d2b4250-af67b6d0-690a5e29&_nocache=1713452578619165104 HTTP/1.1" 200 5344
::1 - - [18/Apr/2024:16:02:58 +0100] "GET /phpmyadmin/index.php?ajax_request=1&recent_table=1&token=5fc58add011c534c2a1ff44e4918aebd HTTP/1.1" 200 1120
::1 - - [18/Apr/2024:16:03:02 +0100] "GET /phpmyadmin/sql.php?server=1&db=sqlcourse&table=moduleej&pos=0&token=5fc58add011c534c2a1ff44e4918aebd&ajax_request=true&ajax_page_request=true&menuHashes=2ffae756-1d2b4250-af67b6d0-690a5e29&_nocache=1713452582517592127 HTTP/1.1" 200 10287
::1 - - [18/Apr/2024:16:03:02 +0100] "GET /phpmyadmin/index.php?ajax_request=1&recent_table=1&token=5fc58add011c534c2a1ff44e4918aebd HTTP/1.1" 200 1120
::1 - - [18/Apr/2024:16:03:05 +0100] "GET /phpmyadmin/tbl_sql.php?db=sqlcourse&table=moduleej&token=5fc58add011c534c2a1ff44e4918aebd&ajax_request=true&ajax_page_request=true&menuHashes=2ffae756-1d2b4250-af67b6d0-690a5e29-ed152dec&_nocache=1713452585289180134 HTTP/1.1" 200 8444
::1 - - [18/Apr/2024:16:03:05 +0100] "GET /phpmyadmin/index.php?ajax_request=1&recent_table=1&token=5fc58add011c534c2a1ff44e4918aebd HTTP/1.1" 200 1120
::1 - - [18/Apr/2024:16:06:39 +0100] "POST /phpmyadmin/import.php HTTP/1.1" 200 325
::1 - - [18/Apr/2024:16:06:52 +0100] "POST /phpmyadmin/import.php HTTP/1.1" 200 190
::1 - - [18/Apr/2024:16:07:10 +0100] "GET /phpmyadmin/sql.php?server=1&db=sqlcourse&table=module&pos=0&token=5fc58add011c534c2a1ff44e4918aebd&ajax_request=true&ajax_page_request=true&menuHashes=2ffae756-1d2b4250-af67b6d0-690a5e29-ed152dec-99316fee&_nocache=1713452830963961363 HTTP/1.1" 200 24572
::1 - - [18/Apr/2024:16:07:11 +0100] "GET /phpmyadmin/index.php?ajax_request=1&recent_table=1&token=5fc58add011c534c2a1ff44e4918aebd HTTP/1.1" 200 1120
::1 - - [18/Apr/2024:16:07:12 +0100] "GET /phpmyadmin/tbl_sql.php?db=sqlcourse&table=module&token=5fc58add011c534c2a1ff44e4918aebd&ajax_request=true&ajax_page_request=true&menuHashes=2ffae756-1d2b4250-af67b6d0-690a5e29-ed152dec-99316fee-3abcb5a9&_nocache=1713452832718791631 HTTP/1.1" 200 8410
::1 - - [18/Apr/2024:16:07:13 +0100] "GET /phpmyadmin/index.php?ajax_request=1&recent_table=1&token=5fc58add011c534c2a1ff44e4918aebd HTTP/1.1" 200 1120
::1 - - [18/Apr/2024:16:07:21 +0100] "POST /phpmyadmin/import.php HTTP/1.1" 200 190
::1 - - [18/Apr/2024:16:07:32 +0100] "POST /phpmyadmin/import.php HTTP/1.1" 200 325
::1 - - [18/Apr/2024:16:08:10 +0100] "GET /phpmyadmin/sql.php?server=1&db=sqlcourse&table=studentme&pos=0&token=5fc58add011c534c2a1ff44e4918aebd&ajax_request=true&ajax_page_request=true&menuHashes=1d2b4250-af67b6d0-690a5e29-ed152dec-99316fee-3abcb5a9-e83e1977&_nocache=1713452890989569363 HTTP/1.1" 200 24484
::1 - - [18/Apr/2024:16:08:11 +0100] "GET /phpmyadmin/index.php?ajax_request=1&recent_table=1&token=5fc58add011c534c2a1ff44e4918aebd HTTP/1.1" 200 1120
::1 - - [18/Apr/2024:16:08:15 +0100] "GET /phpmyadmin/sql.php?server=1&db=sqlcourse&table=moduleej&pos=0&token=5fc58add011c534c2a1ff44e4918aebd&ajax_request=true&ajax_page_request=true&menuHashes=1d2b4250-af67b6d0-690a5e29-ed152dec-99316fee-3abcb5a9-e83e1977&_nocache=1713452895174260505 HTTP/1.1" 200 7219
::1 - - [18/Apr/2024:16:08:15 +0100] "GET /phpmyadmin/index.php?ajax_request=1&recent_table=1&token=5fc58add011c534c2a1ff44e4918aebd HTTP/1.1" 200 1120
::1 - - [18/Apr/2024:16:08:17 +0100] "GET /phpmyadmin/tbl_sql.php?db=sqlcourse&table=moduleej&token=5fc58add011c534c2a1ff44e4918aebd&ajax_request=true&ajax_page_request=true&menuHashes=1d2b4250-af67b6d0-690a5e29-ed152dec-99316fee-3abcb5a9-e83e1977&_nocache=1713452897377200531 HTTP/1.1" 200 5376
::1 - - [18/Apr/2024:16:08:17 +0100] "GET /phpmyadmin/index.php?ajax_request=1&recent_table=1&token=5fc58add011c534c2a1ff44e4918aebd HTTP/1.1" 200 1120
::1 - - [18/Apr/2024:16:08:25 +0100] "POST /phpmyadmin/import.php HTTP/1.1" 200 325
::1 - - [18/Apr/2024:16:08:28 +0100] "GET /phpmyadmin/url.php?url=http%3A%2F%2Fdev.mysql.com%2Fdoc%2Frefman%2F5.6%2Fen%2Fselect.html&token=5fc58add011c534c2a1ff44e4918aebd HTTP/1.1" 302 11947
::1 - - [18/Apr/2024:16:10:02 +0100] "POST /phpmyadmin/import.php HTTP/1.1" 200 5041
::1 - - [18/Apr/2024:16:10:17 +0100] "GET /phpmyadmin/sql.php?server=1&db=sqlcourse&table=moduleej&pos=0&token=5fc58add011c534c2a1ff44e4918aebd&ajax_request=true&ajax_page_request=true&menuHashes=1d2b4250-af67b6d0-690a5e29-ed152dec-99316fee-3abcb5a9-e83e1977&_nocache=1713453017236191078 HTTP/1.1" 200 17200
::1 - - [18/Apr/2024:16:10:17 +0100] "GET /phpmyadmin/index.php?ajax_request=1&recent_table=1&token=5fc58add011c534c2a1ff44e4918aebd HTTP/1.1" 200 1120
::1 - - [18/Apr/2024:16:11:51 +0100] "GET /phpmyadmin/tbl_sql.php?db=sqlcourse&table=moduleej&token=5fc58add011c534c2a1ff44e4918aebd&ajax_request=true&ajax_page_request=true&menuHashes=1d2b4250-af67b6d0-690a5e29-ed152dec-99316fee-3abcb5a9-e83e1977&_nocache=1713453111183764157 HTTP/1.1" 200 5376
::1 - - [18/Apr/2024:16:11:51 +0100] "GET /phpmyadmin/index.php?ajax_request=1&recent_table=1&token=5fc58add011c534c2a1ff44e4918aebd HTTP/1.1" 200 1120
::1 - - [18/Apr/2024:16:11:55 +0100] "GET /phpmyadmin/sql.php?server=1&db=sqlcourse&table=studentme&pos=0&token=5fc58add011c534c2a1ff44e4918aebd&ajax_request=true&ajax_page_request=true&menuHashes=1d2b4250-af67b6d0-690a5e29-ed152dec-99316fee-3abcb5a9-e83e1977&_nocache=1713453115602118521 HTTP/1.1" 200 24484
::1 - - [18/Apr/2024:16:11:55 +0100] "GET /phpmyadmin/index.php?ajax_request=1&recent_table=1&token=5fc58add011c534c2a1ff44e4918aebd HTTP/1.1" 200 1120
::1 - - [18/Apr/2024:16:12:00 +0100] "GET /phpmyadmin/tbl_sql.php?db=sqlcourse&table=studentme&token=5fc58add011c534c2a1ff44e4918aebd&ajax_request=true&ajax_page_request=true&menuHashes=1d2b4250-af67b6d0-690a5e29-ed152dec-99316fee-3abcb5a9-e83e1977&_nocache=1713453120244719354 HTTP/1.1" 200 5344
::1 - - [18/Apr/2024:16:12:00 +0100] "GET /phpmyadmin/index.php?ajax_request=1&recent_table=1&token=5fc58add011c534c2a1ff44e4918aebd HTTP/1.1" 200 1120
::1 - - [18/Apr/2024:16:15:30 +0100] "POST /phpmyadmin/import.php HTTP/1.1" 200 371
::1 - - [18/Apr/2024:16:16:25 +0100] "POST /phpmyadmin/import.php HTTP/1.1" 200 360
::1 - - [18/Apr/2024:16:16:47 +0100] "POST /phpmyadmin/import.php HTTP/1.1" 200 361
::1 - - [18/Apr/2024:16:16:56 +0100] "POST /phpmyadmin/import.php HTTP/1.1" 200 363
::1 - - [18/Apr/2024:16:17:47 +0100] "GET /phpmyadmin/sql.php?server=1&db=sqlcourse&table=studentme&pos=0&token=5fc58add011c534c2a1ff44e4918aebd&ajax_request=true&ajax_page_request=true&menuHashes=1d2b4250-af67b6d0-690a5e29-ed152dec-99316fee-3abcb5a9-e83e1977&_nocache=1713453467132511266 HTTP/1.1" 200 24484
::1 - - [18/Apr/2024:16:17:47 +0100] "GET /phpmyadmin/index.php?ajax_request=1&recent_table=1&token=5fc58add011c534c2a1ff44e4918aebd HTTP/1.1" 200 1120
::1 - - [18/Apr/2024:16:17:56 +0100] "GET /phpmyadmin/sql.php?server=1&db=sqlcourse&table=studentme&pos=0&token=5fc58add011c534c2a1ff44e4918aebd&ajax_request=true&ajax_page_request=true&menuHashes=1d2b4250-af67b6d0-690a5e29-ed152dec-99316fee-3abcb5a9-e83e1977&_nocache=1713453476556373011 HTTP/1.1" 200 24484
::1 - - [18/Apr/2024:16:17:56 +0100] "GET /phpmyadmin/index.php?ajax_request=1&recent_table=1&token=5fc58add011c534c2a1ff44e4918aebd HTTP/1.1" 200 1120
::1 - - [18/Apr/2024:16:18:03 +0100] "GET /phpmyadmin/tbl_sql.php?db=sqlcourse&table=studentme&token=5fc58add011c534c2a1ff44e4918aebd&ajax_request=true&ajax_page_request=true&menuHashes=1d2b4250-af67b6d0-690a5e29-ed152dec-99316fee-3abcb5a9-e83e1977&_nocache=1713453483003440402 HTTP/1.1" 200 5344
::1 - - [18/Apr/2024:16:18:03 +0100] "GET /phpmyadmin/index.php?ajax_request=1&recent_table=1&token=5fc58add011c534c2a1ff44e4918aebd HTTP/1.1" 200 1120
::1 - - [18/Apr/2024:16:18:20 +0100] "POST /phpmyadmin/import.php HTTP/1.1" 200 382
::1 - - [18/Apr/2024:16:18:35 +0100] "POST /phpmyadmin/import.php HTTP/1.1" 200 380
::1 - - [18/Apr/2024:16:18:58 +0100] "POST /phpmyadmin/import.php HTTP/1.1" 200 381
::1 - - [18/Apr/2024:16:19:32 +0100] "POST /phpmyadmin/import.php HTTP/1.1" 200 184
::1 - - [18/Apr/2024:16:19:48 +0100] "POST /phpmyadmin/import.php HTTP/1.1" 200 3291
::1 - - [18/Apr/2024:16:19:51 +0100] "GET /phpmyadmin/sql.php?server=1&db=sqlcourse&table=studentme&pos=0&token=5fc58add011c534c2a1ff44e4918aebd&ajax_request=true&ajax_page_request=true&menuHashes=1d2b4250-af67b6d0-690a5e29-ed152dec-99316fee-3abcb5a9-e83e1977&_nocache=1713453591710934680 HTTP/1.1" 200 24486
::1 - - [18/Apr/2024:16:19:52 +0100] "GET /phpmyadmin/index.php?ajax_request=1&recent_table=1&token=5fc58add011c534c2a1ff44e4918aebd HTTP/1.1" 200 1120
::1 - - [18/Apr/2024:16:21:26 +0100] "GET /phpmyadmin/tbl_sql.php?db=sqlcourse&table=studentme&token=5fc58add011c534c2a1ff44e4918aebd&ajax_request=true&ajax_page_request=true&menuHashes=1d2b4250-af67b6d0-690a5e29-ed152dec-99316fee-3abcb5a9-e83e1977&_nocache=1713453686932358346 HTTP/1.1" 200 5344
::1 - - [18/Apr/2024:16:21:27 +0100] "GET /phpmyadmin/index.php?ajax_request=1&recent_table=1&token=5fc58add011c534c2a1ff44e4918aebd HTTP/1.1" 200 1120
::1 - - [18/Apr/2024:16:21:56 +0100] "GET /phpmyadmin/sql.php?server=1&db=sqlcourse&table=moduleej&pos=0&token=5fc58add011c534c2a1ff44e4918aebd&ajax_request=true&ajax_page_request=true&menuHashes=1d2b4250-af67b6d0-690a5e29-ed152dec-99316fee-3abcb5a9-e83e1977&_nocache=1713453716981243632 HTTP/1.1" 200 17200
::1 - - [18/Apr/2024:16:21:57 +0100] "GET /phpmyadmin/index.php?ajax_request=1&recent_table=1&token=5fc58add011c534c2a1ff44e4918aebd HTTP/1.1" 200 1120
::1 - - [18/Apr/2024:16:22:00 +0100] "GET /phpmyadmin/sql.php?server=1&db=sqlcourse&table=module&pos=0&token=5fc58add011c534c2a1ff44e4918aebd&ajax_request=true&ajax_page_request=true&menuHashes=1d2b4250-af67b6d0-690a5e29-ed152dec-99316fee-3abcb5a9-e83e1977&_nocache=1713453720694389288 HTTP/1.1" 200 21526
::1 - - [18/Apr/2024:16:22:01 +0100] "GET /phpmyadmin/index.php?ajax_request=1&recent_table=1&token=5fc58add011c534c2a1ff44e4918aebd HTTP/1.1" 200 1120
::1 - - [18/Apr/2024:16:22:05 +0100] "GET /phpmyadmin/sql.php?server=1&db=sqlcourse&table=module&pos=0&token=5fc58add011c534c2a1ff44e4918aebd&ajax_request=true&ajax_page_request=true&menuHashes=1d2b4250-af67b6d0-690a5e29-ed152dec-99316fee-3abcb5a9-e83e1977&_nocache=1713453725423678810 HTTP/1.1" 200 21526
::1 - - [18/Apr/2024:16:22:05 +0100] "GET /phpmyadmin/index.php?ajax_request=1&recent_table=1&token=5fc58add011c534c2a1ff44e4918aebd HTTP/1.1" 200 1120
::1 - - [18/Apr/2024:16:22:07 +0100] "GET /phpmyadmin/sql.php?server=1&db=sqlcourse&table=moduleej&pos=0&token=5fc58add011c534c2a1ff44e4918aebd&ajax_request=true&ajax_page_request=true&menuHashes=1d2b4250-af67b6d0-690a5e29-ed152dec-99316fee-3abcb5a9-e83e1977&_nocache=1713453727153537455 HTTP/1.1" 200 17200
::1 - - [18/Apr/2024:16:22:07 +0100] "GET /phpmyadmin/index.php?ajax_request=1&recent_table=1&token=5fc58add011c534c2a1ff44e4918aebd HTTP/1.1" 200 1120
::1 - - [18/Apr/2024:16:22:11 +0100] "GET /phpmyadmin/sql.php?server=1&db=sqlcourse&table=module&pos=0&token=5fc58add011c534c2a1ff44e4918aebd&ajax_request=true&ajax_page_request=true&menuHashes=1d2b4250-af67b6d0-690a5e29-ed152dec-99316fee-3abcb5a9-e83e1977&_nocache=171345373140019919 HTTP/1.1" 200 21526
::1 - - [18/Apr/2024:16:22:11 +0100] "GET /phpmyadmin/index.php?ajax_request=1&recent_table=1&token=5fc58add011c534c2a1ff44e4918aebd HTTP/1.1" 200 1120
::1 - - [18/Apr/2024:16:22:13 +0100] "GET /phpmyadmin/sql.php?server=1&db=sqlcourse&table=module&pos=0&token=5fc58add011c534c2a1ff44e4918aebd&ajax_request=true&ajax_page_request=true&menuHashes=1d2b4250-af67b6d0-690a5e29-ed152dec-99316fee-3abcb5a9-e83e1977&_nocache=1713453733030265265 HTTP/1.1" 200 21526
::1 - - [18/Apr/2024:16:22:13 +0100] "GET /phpmyadmin/index.php?ajax_request=1&recent_table=1&token=5fc58add011c534c2a1ff44e4918aebd HTTP/1.1" 200 1120
::1 - - [18/Apr/2024:16:22:15 +0100] "GET /phpmyadmin/sql.php?server=1&db=sqlcourse&table=moduleej&pos=0&token=5fc58add011c534c2a1ff44e4918aebd&ajax_request=true&ajax_page_request=true&menuHashes=1d2b4250-af67b6d0-690a5e29-ed152dec-99316fee-3abcb5a9-e83e1977&_nocache=1713453735372675266 HTTP/1.1" 200 17200
::1 - - [18/Apr/2024:16:22:15 +0100] "GET /phpmyadmin/index.php?ajax_request=1&recent_table=1&token=5fc58add011c534c2a1ff44e4918aebd HTTP/1.1" 200 1120
::1 - - [18/Apr/2024:16:22:23 +0100] "GET /phpmyadmin/tbl_sql.php?db=sqlcourse&table=moduleej&token=5fc58add011c534c2a1ff44e4918aebd&ajax_request=true&ajax_page_request=true&menuHashes=1d2b4250-af67b6d0-690a5e29-ed152dec-99316fee-3abcb5a9-e83e1977&_nocache=1713453743162947365 HTTP/1.1" 200 5376
::1 - - [18/Apr/2024:16:22:23 +0100] "GET /phpmyadmin/index.php?ajax_request=1&recent_table=1&token=5fc58add011c534c2a1ff44e4918aebd HTTP/1.1" 200 1120
::1 - - [18/Apr/2024:16:25:59 +0100] "POST /phpmyadmin/import.php HTTP/1.1" 200 15354
